0 verbose cli /usr/local/bin/node /usr/local/bin/npm
1 info using npm@11.8.0
2 info using node@v24.13.1
3 silly config load:file:/usr/local/lib/node_modules/npm/npmrc
4 silly config load:file:/Users/mac/Desktop/expert-printer-ui-git/expert-printer-ui/.npmrc
5 silly config load:file:/Users/mac/.npmrc
6 silly config load:file:/usr/local/etc/npmrc
7 verbose title npm i
8 verbose argv "i"
9 verbose logfile logs-max:10 dir:/Users/mac/Desktop/expert-printer-ui-git/expert-printer-ui/.npm-cache/_logs/2026-03-10T10_57_04_587Z-
10 verbose logfile /Users/mac/Desktop/expert-printer-ui-git/expert-printer-ui/.npm-cache/_logs/2026-03-10T10_57_04_587Z-debug-0.log
11 silly logfile done cleaning log files
12 silly packumentCache heap:4496293888 maxSize:1124073472 maxEntrySize:562036736
13 silly idealTree buildDeps
14 silly reify moves {}
15 silly audit bulk request {
15 silly audit   '@babel/code-frame': [ '7.29.0' ],
15 silly audit   '@babel/compat-data': [ '7.29.0' ],
15 silly audit   '@babel/core': [ '7.29.0' ],
15 silly audit   '@babel/generator': [ '7.29.1' ],
15 silly audit   '@babel/helper-compilation-targets': [ '7.28.6' ],
15 silly audit   '@babel/helper-globals': [ '7.28.0' ],
15 silly audit   '@babel/helper-module-imports': [ '7.28.6' ],
15 silly audit   '@babel/helper-module-transforms': [ '7.28.6' ],
15 silly audit   '@babel/helper-plugin-utils': [ '7.28.6' ],
15 silly audit   '@babel/helper-string-parser': [ '7.27.1' ],
15 silly audit   '@babel/helper-validator-identifier': [ '7.28.5' ],
15 silly audit   '@babel/helper-validator-option': [ '7.27.1' ],
15 silly audit   '@babel/helpers': [ '7.28.6' ],
15 silly audit   '@babel/parser': [ '7.29.0' ],
15 silly audit   '@babel/plugin-transform-react-jsx-self': [ '7.27.1' ],
15 silly audit   '@babel/plugin-transform-react-jsx-source': [ '7.27.1' ],
15 silly audit   '@babel/template': [ '7.28.6' ],
15 silly audit   '@babel/traverse': [ '7.29.0' ],
15 silly audit   '@babel/types': [ '7.29.0' ],
15 silly audit   '@emailjs/browser': [ '4.4.1' ],
15 silly audit   '@esbuild/aix-ppc64': [ '0.27.3' ],
15 silly audit   '@esbuild/android-arm': [ '0.27.3' ],
15 silly audit   '@esbuild/android-arm64': [ '0.27.3' ],
15 silly audit   '@esbuild/android-x64': [ '0.27.3' ],
15 silly audit   '@esbuild/darwin-arm64': [ '0.27.3' ],
15 silly audit   '@esbuild/darwin-x64': [ '0.27.3' ],
15 silly audit   '@esbuild/freebsd-arm64': [ '0.27.3' ],
15 silly audit   '@esbuild/freebsd-x64': [ '0.27.3' ],
15 silly audit   '@esbuild/linux-arm': [ '0.27.3' ],
15 silly audit   '@esbuild/linux-arm64': [ '0.27.3' ],
15 silly audit   '@esbuild/linux-ia32': [ '0.27.3' ],
15 silly audit   '@esbuild/linux-loong64': [ '0.27.3' ],
15 silly audit   '@esbuild/linux-mips64el': [ '0.27.3' ],
15 silly audit   '@esbuild/linux-ppc64': [ '0.27.3' ],
15 silly audit   '@esbuild/linux-riscv64': [ '0.27.3' ],
15 silly audit   '@esbuild/linux-s390x': [ '0.27.3' ],
15 silly audit   '@esbuild/linux-x64': [ '0.27.3' ],
15 silly audit   '@esbuild/netbsd-arm64': [ '0.27.3' ],
15 silly audit   '@esbuild/netbsd-x64': [ '0.27.3' ],
15 silly audit   '@esbuild/openbsd-arm64': [ '0.27.3' ],
15 silly audit   '@esbuild/openbsd-x64': [ '0.27.3' ],
15 silly audit   '@esbuild/openharmony-arm64': [ '0.27.3' ],
15 silly audit   '@esbuild/sunos-x64': [ '0.27.3' ],
15 silly audit   '@esbuild/win32-arm64': [ '0.27.3' ],
15 silly audit   '@esbuild/win32-ia32': [ '0.27.3' ],
15 silly audit   '@esbuild/win32-x64': [ '0.27.3' ],
15 silly audit   '@eslint-community/eslint-utils': [ '4.9.1' ],
15 silly audit   'eslint-visitor-keys': [ '3.4.3', '4.2.1' ],
15 silly audit   '@eslint-community/regexpp': [ '4.12.2' ],
15 silly audit   '@eslint/config-array': [ '0.21.1' ],
15 silly audit   '@eslint/config-helpers': [ '0.4.2' ],
15 silly audit   '@eslint/core': [ '0.17.0' ],
15 silly audit   '@eslint/eslintrc': [ '3.3.3' ],
15 silly audit   globals: [ '14.0.0', '16.5.0' ],
15 silly audit   '@eslint/js': [ '9.39.2' ],
15 silly audit   '@eslint/object-schema': [ '2.1.7' ],
15 silly audit   '@eslint/plugin-kit': [ '0.4.1' ],
15 silly audit   '@fontsource/inter': [ '5.2.8' ],
15 silly audit   '@humanfs/core': [ '0.19.1' ],
15 silly audit   '@humanfs/node': [ '0.16.7' ],
15 silly audit   '@humanwhocodes/module-importer': [ '1.0.1' ],
15 silly audit   '@humanwhocodes/retry': [ '0.4.3' ],
15 silly audit   '@jridgewell/gen-mapping': [ '0.3.13' ],
15 silly audit   '@jridgewell/remapping': [ '2.3.5' ],
15 silly audit   '@jridgewell/resolve-uri': [ '3.1.2' ],
15 silly audit   '@jridgewell/sourcemap-codec': [ '1.5.5' ],
15 silly audit   '@jridgewell/trace-mapping': [ '0.3.31' ],
15 silly audit   '@rolldown/pluginutils': [ '1.0.0-rc.2' ],
15 silly audit   '@rollup/rollup-android-arm-eabi': [ '4.57.1' ],
15 silly audit   '@rollup/rollup-android-arm64': [ '4.57.1' ],
15 silly audit   '@rollup/rollup-darwin-arm64': [ '4.57.1' ],
15 silly audit   '@rollup/rollup-darwin-x64': [ '4.57.1' ],
15 silly audit   '@rollup/rollup-freebsd-arm64': [ '4.57.1' ],
15 silly audit   '@rollup/rollup-freebsd-x64': [ '4.57.1' ],
15 silly audit   '@rollup/rollup-linux-arm-gnueabihf': [ '4.57.1' ],
15 silly audit   '@rollup/rollup-linux-arm-musleabihf': [ '4.57.1' ],
15 silly audit   '@rollup/rollup-linux-arm64-gnu': [ '4.57.1' ],
15 silly audit   '@rollup/rollup-linux-arm64-musl': [ '4.57.1' ],
15 silly audit   '@rollup/rollup-linux-loong64-gnu': [ '4.57.1' ],
15 silly audit   '@rollup/rollup-linux-loong64-musl': [ '4.57.1' ],
15 silly audit   '@rollup/rollup-linux-ppc64-gnu': [ '4.57.1' ],
15 silly audit   '@rollup/rollup-linux-ppc64-musl': [ '4.57.1' ],
15 silly audit   '@rollup/rollup-linux-riscv64-gnu': [ '4.57.1' ],
15 silly audit   '@rollup/rollup-linux-riscv64-musl': [ '4.57.1' ],
15 silly audit   '@rollup/rollup-linux-s390x-gnu': [ '4.57.1' ],
15 silly audit   '@rollup/rollup-linux-x64-gnu': [ '4.57.1' ],
15 silly audit   '@rollup/rollup-linux-x64-musl': [ '4.57.1' ],
15 silly audit   '@rollup/rollup-openbsd-x64': [ '4.57.1' ],
15 silly audit   '@rollup/rollup-openharmony-arm64': [ '4.57.1' ],
15 silly audit   '@rollup/rollup-win32-arm64-msvc': [ '4.57.1' ],
15 silly audit   '@rollup/rollup-win32-ia32-msvc': [ '4.57.1' ],
15 silly audit   '@rollup/rollup-win32-x64-gnu': [ '4.57.1' ],
15 silly audit   '@rollup/rollup-win32-x64-msvc': [ '4.57.1' ],
15 silly audit   '@tailwindcss/node': [ '4.1.18' ],
15 silly audit   '@tailwindcss/oxide': [ '4.1.18' ],
15 silly audit   '@tailwindcss/oxide-android-arm64': [ '4.1.18' ],
15 silly audit   '@tailwindcss/oxide-darwin-arm64': [ '4.1.18' ],
15 silly audit   '@tailwindcss/oxide-darwin-x64': [ '4.1.18' ],
15 silly audit   '@tailwindcss/oxide-freebsd-x64': [ '4.1.18' ],
15 silly audit   '@tailwindcss/oxide-linux-arm-gnueabihf': [ '4.1.18' ],
15 silly audit   '@tailwindcss/oxide-linux-arm64-gnu': [ '4.1.18' ],
15 silly audit   '@tailwindcss/oxide-linux-arm64-musl': [ '4.1.18' ],
15 silly audit   '@tailwindcss/oxide-linux-x64-gnu': [ '4.1.18' ],
15 silly audit   '@tailwindcss/oxide-linux-x64-musl': [ '4.1.18' ],
15 silly audit   '@tailwindcss/oxide-wasm32-wasi': [ '4.1.18' ],
15 silly audit   '@tailwindcss/oxide-win32-arm64-msvc': [ '4.1.18' ],
15 silly audit   '@tailwindcss/oxide-win32-x64-msvc': [ '4.1.18' ],
15 silly audit   '@tailwindcss/vite': [ '4.1.18' ],
15 silly audit   '@types/babel__core': [ '7.20.5' ],
15 silly audit   '@types/babel__generator': [ '7.27.0' ],
15 silly audit   '@types/babel__template': [ '7.4.4' ],
15 silly audit   '@types/babel__traverse': [ '7.28.0' ],
15 silly audit   '@types/estree': [ '1.0.8' ],
15 silly audit   '@types/json-schema': [ '7.0.15' ],
15 silly audit   '@types/react': [ '19.2.13' ],
15 silly audit   '@types/react-dom': [ '19.2.3' ],
15 silly audit   '@vitejs/plugin-react': [ '5.1.3' ],
15 silly audit   acorn: [ '8.15.0' ],
15 silly audit   'acorn-jsx': [ '5.3.2' ],
15 silly audit   ajv: [ '6.12.6' ],
15 silly audit   'ansi-styles': [ '4.3.0' ],
15 silly audit   argparse: [ '2.0.1' ],
15 silly audit   'balanced-match': [ '1.0.2' ],
15 silly audit   'baseline-browser-mapping': [ '2.9.19' ],
15 silly audit   'brace-expansion': [ '1.1.12' ],
15 silly audit   browserslist: [ '4.28.1' ],
15 silly audit   callsites: [ '3.1.0' ],
15 silly audit   'caniuse-lite': [ '1.0.30001768' ],
15 silly audit   chalk: [ '4.1.2' ],
15 silly audit   'color-convert': [ '2.0.1' ],
15 silly audit   'color-name': [ '1.1.4' ],
15 silly audit   'concat-map': [ '0.0.1' ],
15 silly audit   'convert-source-map': [ '2.0.0' ],
15 silly audit   cookie: [ '1.1.1' ],
15 silly audit   'cross-spawn': [ '7.0.6' ],
15 silly audit   csstype: [ '3.2.3' ],
15 silly audit   debug: [ '4.4.3' ],
15 silly audit   'deep-is': [ '0.1.4' ],
15 silly audit   'detect-libc': [ '2.1.2' ],
15 silly audit   'electron-to-chromium': [ '1.5.286' ],
15 silly audit   'enhanced-resolve': [ '5.19.0' ],
15 silly audit   esbuild: [ '0.27.3' ],
15 silly audit   escalade: [ '3.2.0' ],
15 silly audit   'escape-string-regexp': [ '4.0.0' ],
15 silly audit   eslint: [ '9.39.2' ],
15 silly audit   'eslint-plugin-react-hooks': [ '7.0.1' ],
15 silly audit   'eslint-plugin-react-refresh': [ '0.4.26' ],
15 silly audit   'eslint-scope': [ '8.4.0' ],
15 silly audit   espree: [ '10.4.0' ],
15 silly audit   esquery: [ '1.7.0' ],
15 silly audit   esrecurse: [ '4.3.0' ],
15 silly audit   estraverse: [ '5.3.0' ],
15 silly audit   esutils: [ '2.0.3' ],
15 silly audit   'fast-deep-equal': [ '3.1.3' ],
15 silly audit   'fast-json-stable-stringify': [ '2.1.0' ],
15 silly audit   'fast-levenshtein': [ '2.0.6' ],
15 silly audit   fdir: [ '6.5.0' ],
15 silly audit   'file-entry-cache': [ '8.0.0' ],
15 silly audit   'find-up': [ '5.0.0' ],
15 silly audit   'flat-cache': [ '4.0.1' ],
15 silly audit   flatted: [ '3.3.3' ],
15 silly audit   'framer-motion': [ '12.33.0' ],
15 silly audit   fsevents: [ '2.3.3' ],
15 silly audit   gensync: [ '1.0.0-beta.2' ],
15 silly audit   'glob-parent': [ '6.0.2' ],
15 silly audit   'graceful-fs': [ '4.2.11' ],
15 silly audit   'has-flag': [ '4.0.0' ],
15 silly audit   'hermes-estree': [ '0.25.1' ],
15 silly audit   'hermes-parser': [ '0.25.1' ],
15 silly audit   ignore: [ '5.3.2' ],
15 silly audit   'import-fresh': [ '3.3.1' ],
15 silly audit   imurmurhash: [ '0.1.4' ],
15 silly audit   'is-extglob': [ '2.1.1' ],
15 silly audit   'is-glob': [ '4.0.3' ],
15 silly audit   isexe: [ '2.0.0' ],
15 silly audit   jiti: [ '2.6.1' ],
15 silly audit   'js-tokens': [ '4.0.0' ],
15 silly audit   'js-yaml': [ '4.1.1' ],
15 silly audit   jsesc: [ '3.1.0' ],
15 silly audit   'json-buffer': [ '3.0.1' ],
15 silly audit   'json-schema-traverse': [ '0.4.1' ],
15 silly audit   'json-stable-stringify-without-jsonify': [ '1.0.1' ],
15 silly audit   json5: [ '2.2.3' ],
15 silly audit   keyv: [ '4.5.4' ],
15 silly audit   levn: [ '0.4.1' ],
15 silly audit   lightningcss: [ '1.30.2' ],
15 silly audit   'lightningcss-android-arm64': [ '1.30.2' ],
15 silly audit   'lightningcss-darwin-arm64': [ '1.30.2' ],
15 silly audit   'lightningcss-darwin-x64': [ '1.30.2' ],
15 silly audit   'lightningcss-freebsd-x64': [ '1.30.2' ],
15 silly audit   'lightningcss-linux-arm-gnueabihf': [ '1.30.2' ],
15 silly audit   'lightningcss-linux-arm64-gnu': [ '1.30.2' ],
15 silly audit   'lightningcss-linux-arm64-musl': [ '1.30.2' ],
15 silly audit   'lightningcss-linux-x64-gnu': [ '1.30.2' ],
15 silly audit   'lightningcss-linux-x64-musl': [ '1.30.2' ],
15 silly audit   'lightningcss-win32-arm64-msvc': [ '1.30.2' ],
15 silly audit   'lightningcss-win32-x64-msvc': [ '1.30.2' ],
15 silly audit   'locate-path': [ '6.0.0' ],
15 silly audit   'lodash.merge': [ '4.6.2' ],
15 silly audit   'lru-cache': [ '5.1.1' ],
15 silly audit   'lucide-react': [ '0.563.0' ],
15 silly audit   'magic-string': [ '0.30.21' ],
15 silly audit   minimatch: [ '3.1.2' ],
15 silly audit   'motion-dom': [ '12.33.0' ],
15 silly audit   'motion-utils': [ '12.29.2' ],
15 silly audit   ms: [ '2.1.3' ],
15 silly audit   nanoid: [ '3.3.11' ],
15 silly audit   'natural-compare': [ '1.4.0' ],
15 silly audit   'node-releases': [ '2.0.27' ],
15 silly audit   optionator: [ '0.9.4' ],
15 silly audit   'p-limit': [ '3.1.0' ],
15 silly audit   'p-locate': [ '5.0.0' ],
15 silly audit   'parent-module': [ '1.0.1' ],
15 silly audit   'path-exists': [ '4.0.0' ],
15 silly audit   'path-key': [ '3.1.1' ],
15 silly audit   picocolors: [ '1.1.1' ],
15 silly audit   picomatch: [ '4.0.3' ],
15 silly audit   postcss: [ '8.5.6' ],
15 silly audit   'prelude-ls': [ '1.2.1' ],
15 silly audit   punycode: [ '2.3.1' ],
15 silly audit   react: [ '19.2.4' ],
15 silly audit   'react-dom': [ '19.2.4' ],
15 silly audit   'react-refresh': [ '0.18.0' ],
15 silly audit   'react-router': [ '7.13.0' ],
15 silly audit   'react-router-dom': [ '7.13.0' ],
15 silly audit   'resolve-from': [ '4.0.0' ],
15 silly audit   rollup: [ '4.57.1' ],
15 silly audit   scheduler: [ '0.27.0' ],
15 silly audit   semver: [ '6.3.1' ],
15 silly audit   'set-cookie-parser': [ '2.7.2' ],
15 silly audit   'shebang-command': [ '2.0.0' ],
15 silly audit   'shebang-regex': [ '3.0.0' ],
15 silly audit   'source-map-js': [ '1.2.1' ],
15 silly audit   'strip-json-comments': [ '3.1.1' ],
15 silly audit   'supports-color': [ '7.2.0' ],
15 silly audit   tailwindcss: [ '4.1.18' ],
15 silly audit   tapable: [ '2.3.0' ],
15 silly audit   tinyglobby: [ '0.2.15' ],
15 silly audit   tslib: [ '2.8.1' ],
15 silly audit   'type-check': [ '0.4.0' ],
15 silly audit   'update-browserslist-db': [ '1.2.3' ],
15 silly audit   'uri-js': [ '4.4.1' ],
15 silly audit   uuid: [ '13.0.0' ],
15 silly audit   vite: [ '7.3.1' ],
15 silly audit   which: [ '2.0.2' ],
15 silly audit   'word-wrap': [ '1.2.5' ],
15 silly audit   yallist: [ '3.1.1' ],
15 silly audit   'yocto-queue': [ '0.1.0' ],
15 silly audit   zod: [ '4.3.6' ],
15 silly audit   'zod-validation-error': [ '4.0.2' ]
15 silly audit }
16 http cache zod-validation-error@https://registry.npmjs.org/zod-validation-error/-/zod-validation-error-4.0.2.tgz 0ms (cache hit)
17 http cache zod@https://registry.npmjs.org/zod/-/zod-4.3.6.tgz 0ms (cache hit)
18 http cache yocto-queue@https://registry.npmjs.org/yocto-queue/-/yocto-queue-0.1.0.tgz 0ms (cache hit)
19 http cache yallist@https://registry.npmjs.org/yallist/-/yallist-3.1.1.tgz 0ms (cache hit)
20 http cache word-wrap@https://registry.npmjs.org/word-wrap/-/word-wrap-1.2.5.tgz 0ms (cache hit)
21 http cache which@https://registry.npmjs.org/which/-/which-2.0.2.tgz 0ms (cache hit)
22 http cache uri-js@https://registry.npmjs.org/uri-js/-/uri-js-4.4.1.tgz 0ms (cache hit)
23 http cache vite@https://registry.npmjs.org/vite/-/vite-7.3.1.tgz 0ms (cache hit)
24 http cache uuid@https://registry.npmjs.org/uuid/-/uuid-13.0.0.tgz 0ms (cache hit)
25 http cache type-check@https://registry.npmjs.org/type-check/-/type-check-0.4.0.tgz 0ms (cache hit)
26 http cache tapable@https://registry.npmjs.org/tapable/-/tapable-2.3.0.tgz 0ms (cache hit)
27 http cache tslib@https://registry.npmjs.org/tslib/-/tslib-2.8.1.tgz 0ms (cache hit)
28 http cache tailwindcss@https://registry.npmjs.org/tailwindcss/-/tailwindcss-4.1.18.tgz 0ms (cache hit)
29 http cache strip-json-comments@https://registry.npmjs.org/strip-json-comments/-/strip-json-comments-3.1.1.tgz 0ms (cache hit)
30 http cache update-browserslist-db@https://registry.npmjs.org/update-browserslist-db/-/update-browserslist-db-1.2.3.tgz 0ms (cache hit)
31 http cache supports-color@https://registry.npmjs.org/supports-color/-/supports-color-7.2.0.tgz 0ms (cache hit)
32 http cache tinyglobby@https://registry.npmjs.org/tinyglobby/-/tinyglobby-0.2.15.tgz 0ms (cache hit)
33 http cache source-map-js@https://registry.npmjs.org/source-map-js/-/source-map-js-1.2.1.tgz 0ms (cache hit)
34 http cache shebang-command@https://registry.npmjs.org/shebang-command/-/shebang-command-2.0.0.tgz 0ms (cache hit)
35 http cache set-cookie-parser@https://registry.npmjs.org/set-cookie-parser/-/set-cookie-parser-2.7.2.tgz 0ms (cache hit)
36 http cache semver@https://registry.npmjs.org/semver/-/semver-6.3.1.tgz 0ms (cache hit)
37 http cache scheduler@https://registry.npmjs.org/scheduler/-/scheduler-0.27.0.tgz 0ms (cache hit)
38 http cache shebang-regex@https://registry.npmjs.org/shebang-regex/-/shebang-regex-3.0.0.tgz 0ms (cache hit)
39 http cache rollup@https://registry.npmjs.org/rollup/-/rollup-4.57.1.tgz 0ms (cache hit)
40 http cache resolve-from@https://registry.npmjs.org/resolve-from/-/resolve-from-4.0.0.tgz 0ms (cache hit)
41 http cache react-router-dom@https://registry.npmjs.org/react-router-dom/-/react-router-dom-7.13.0.tgz 0ms (cache hit)
42 http cache react-router@https://registry.npmjs.org/react-router/-/react-router-7.13.0.tgz 0ms (cache hit)
43 http cache react-refresh@https://registry.npmjs.org/react-refresh/-/react-refresh-0.18.0.tgz 0ms (cache hit)
44 http cache react@https://registry.npmjs.org/react/-/react-19.2.4.tgz 0ms (cache hit)
45 http cache punycode@https://registry.npmjs.org/punycode/-/punycode-2.3.1.tgz 0ms (cache hit)
46 http cache prelude-ls@https://registry.npmjs.org/prelude-ls/-/prelude-ls-1.2.1.tgz 0ms (cache hit)
47 http cache picomatch@https://registry.npmjs.org/picomatch/-/picomatch-4.0.3.tgz 0ms (cache hit)
48 http cache picocolors@https://registry.npmjs.org/picocolors/-/picocolors-1.1.1.tgz 0ms (cache hit)
49 http cache react-dom@https://registry.npmjs.org/react-dom/-/react-dom-19.2.4.tgz 0ms (cache hit)
50 http cache postcss@https://registry.npmjs.org/postcss/-/postcss-8.5.6.tgz 0ms (cache hit)
51 http cache path-key@https://registry.npmjs.org/path-key/-/path-key-3.1.1.tgz 0ms (cache hit)
52 http cache path-exists@https://registry.npmjs.org/path-exists/-/path-exists-4.0.0.tgz 0ms (cache hit)
53 http cache parent-module@https://registry.npmjs.org/parent-module/-/parent-module-1.0.1.tgz 0ms (cache hit)
54 http cache p-locate@https://registry.npmjs.org/p-locate/-/p-locate-5.0.0.tgz 0ms (cache hit)
55 http cache optionator@https://registry.npmjs.org/optionator/-/optionator-0.9.4.tgz 0ms (cache hit)
56 http cache node-releases@https://registry.npmjs.org/node-releases/-/node-releases-2.0.27.tgz 0ms (cache hit)
57 http cache p-limit@https://registry.npmjs.org/p-limit/-/p-limit-3.1.0.tgz 0ms (cache hit)
58 http cache natural-compare@https://registry.npmjs.org/natural-compare/-/natural-compare-1.4.0.tgz 0ms (cache hit)
59 http cache nanoid@https://registry.npmjs.org/nanoid/-/nanoid-3.3.11.tgz 0ms (cache hit)
60 http cache ms@https://registry.npmjs.org/ms/-/ms-2.1.3.tgz 0ms (cache hit)
61 http cache motion-utils@https://registry.npmjs.org/motion-utils/-/motion-utils-12.29.2.tgz 0ms (cache hit)
62 http cache motion-dom@https://registry.npmjs.org/motion-dom/-/motion-dom-12.33.0.tgz 0ms (cache hit)
63 http cache minimatch@https://registry.npmjs.org/minimatch/-/minimatch-3.1.2.tgz 0ms (cache hit)
64 http cache magic-string@https://registry.npmjs.org/magic-string/-/magic-string-0.30.21.tgz 0ms (cache hit)
65 http cache lucide-react@https://registry.npmjs.org/lucide-react/-/lucide-react-0.563.0.tgz 0ms (cache hit)
66 http cache lru-cache@https://registry.npmjs.org/lru-cache/-/lru-cache-5.1.1.tgz 0ms (cache hit)
67 http cache lodash.merge@https://registry.npmjs.org/lodash.merge/-/lodash.merge-4.6.2.tgz 0ms (cache hit)
68 http cache locate-path@https://registry.npmjs.org/locate-path/-/locate-path-6.0.0.tgz 0ms (cache hit)
69 http cache lightningcss@https://registry.npmjs.org/lightningcss/-/lightningcss-1.30.2.tgz 0ms (cache hit)
70 http cache levn@https://registry.npmjs.org/levn/-/levn-0.4.1.tgz 0ms (cache hit)
71 http cache lightningcss-darwin-arm64@https://registry.npmjs.org/lightningcss-darwin-arm64/-/lightningcss-darwin-arm64-1.30.2.tgz 0ms (cache hit)
72 http cache json5@https://registry.npmjs.org/json5/-/json5-2.2.3.tgz 0ms (cache hit)
73 http cache json-schema-traverse@https://registry.npmjs.org/json-schema-traverse/-/json-schema-traverse-0.4.1.tgz 0ms (cache hit)
74 http cache json-buffer@https://registry.npmjs.org/json-buffer/-/json-buffer-3.0.1.tgz 0ms (cache hit)
75 http cache js-yaml@https://registry.npmjs.org/js-yaml/-/js-yaml-4.1.1.tgz 0ms (cache hit)
76 http cache jsesc@https://registry.npmjs.org/jsesc/-/jsesc-3.1.0.tgz 0ms (cache hit)
77 http cache keyv@https://registry.npmjs.org/keyv/-/keyv-4.5.4.tgz 0ms (cache hit)
78 http cache json-stable-stringify-without-jsonify@https://registry.npmjs.org/json-stable-stringify-without-jsonify/-/json-stable-stringify-without-jsonify-1.0.1.tgz 0ms (cache hit)
79 http cache js-tokens@https://registry.npmjs.org/js-tokens/-/js-tokens-4.0.0.tgz 0ms (cache hit)
80 http cache jiti@https://registry.npmjs.org/jiti/-/jiti-2.6.1.tgz 0ms (cache hit)
81 http cache isexe@https://registry.npmjs.org/isexe/-/isexe-2.0.0.tgz 0ms (cache hit)
82 http cache is-glob@https://registry.npmjs.org/is-glob/-/is-glob-4.0.3.tgz 0ms (cache hit)
83 http cache is-extglob@https://registry.npmjs.org/is-extglob/-/is-extglob-2.1.1.tgz 0ms (cache hit)
84 http cache imurmurhash@https://registry.npmjs.org/imurmurhash/-/imurmurhash-0.1.4.tgz 0ms (cache hit)
85 http cache import-fresh@https://registry.npmjs.org/import-fresh/-/import-fresh-3.3.1.tgz 0ms (cache hit)
86 http cache ignore@https://registry.npmjs.org/ignore/-/ignore-5.3.2.tgz 0ms (cache hit)
87 http cache hermes-parser@https://registry.npmjs.org/hermes-parser/-/hermes-parser-0.25.1.tgz 0ms (cache hit)
88 http cache hermes-estree@https://registry.npmjs.org/hermes-estree/-/hermes-estree-0.25.1.tgz 0ms (cache hit)
89 http cache has-flag@https://registry.npmjs.org/has-flag/-/has-flag-4.0.0.tgz 0ms (cache hit)
90 http cache graceful-fs@https://registry.npmjs.org/graceful-fs/-/graceful-fs-4.2.11.tgz 0ms (cache hit)
91 http cache globals@https://registry.npmjs.org/globals/-/globals-16.5.0.tgz 0ms (cache hit)
92 http cache glob-parent@https://registry.npmjs.org/glob-parent/-/glob-parent-6.0.2.tgz 0ms (cache hit)
93 http cache gensync@https://registry.npmjs.org/gensync/-/gensync-1.0.0-beta.2.tgz 0ms (cache hit)
94 http cache fsevents@https://registry.npmjs.org/fsevents/-/fsevents-2.3.3.tgz 0ms (cache hit)
95 http cache flatted@https://registry.npmjs.org/flatted/-/flatted-3.3.3.tgz 0ms (cache hit)
96 http cache flat-cache@https://registry.npmjs.org/flat-cache/-/flat-cache-4.0.1.tgz 0ms (cache hit)
97 http cache find-up@https://registry.npmjs.org/find-up/-/find-up-5.0.0.tgz 0ms (cache hit)
98 http cache file-entry-cache@https://registry.npmjs.org/file-entry-cache/-/file-entry-cache-8.0.0.tgz 0ms (cache hit)
99 http cache framer-motion@https://registry.npmjs.org/framer-motion/-/framer-motion-12.33.0.tgz 0ms (cache hit)
100 http cache fdir@https://registry.npmjs.org/fdir/-/fdir-6.5.0.tgz 0ms (cache hit)
101 http cache fast-levenshtein@https://registry.npmjs.org/fast-levenshtein/-/fast-levenshtein-2.0.6.tgz 0ms (cache hit)
102 http cache esutils@https://registry.npmjs.org/esutils/-/esutils-2.0.3.tgz 0ms (cache hit)
103 http cache fast-json-stable-stringify@https://registry.npmjs.org/fast-json-stable-stringify/-/fast-json-stable-stringify-2.1.0.tgz 0ms (cache hit)
104 http cache estraverse@https://registry.npmjs.org/estraverse/-/estraverse-5.3.0.tgz 0ms (cache hit)
105 http cache esquery@https://registry.npmjs.org/esquery/-/esquery-1.7.0.tgz 0ms (cache hit)
106 http cache esrecurse@https://registry.npmjs.org/esrecurse/-/esrecurse-4.3.0.tgz 0ms (cache hit)
107 http cache eslint-scope@https://registry.npmjs.org/eslint-scope/-/eslint-scope-8.4.0.tgz 0ms (cache hit)
108 http cache eslint-plugin-react-refresh@https://registry.npmjs.org/eslint-plugin-react-refresh/-/eslint-plugin-react-refresh-0.4.26.tgz 0ms (cache hit)
109 http cache eslint-plugin-react-hooks@https://registry.npmjs.org/eslint-plugin-react-hooks/-/eslint-plugin-react-hooks-7.0.1.tgz 0ms (cache hit)
110 http cache eslint@https://registry.npmjs.org/eslint/-/eslint-9.39.2.tgz 0ms (cache hit)
111 http cache escape-string-regexp@https://registry.npmjs.org/escape-string-regexp/-/escape-string-regexp-4.0.0.tgz 0ms (cache hit)
112 http cache espree@https://registry.npmjs.org/espree/-/espree-10.4.0.tgz 0ms (cache hit)
113 http cache escalade@https://registry.npmjs.org/escalade/-/escalade-3.2.0.tgz 0ms (cache hit)
114 http cache fast-deep-equal@https://registry.npmjs.org/fast-deep-equal/-/fast-deep-equal-3.1.3.tgz 0ms (cache hit)
115 http cache esbuild@https://registry.npmjs.org/esbuild/-/esbuild-0.27.3.tgz 0ms (cache hit)
116 http cache electron-to-chromium@https://registry.npmjs.org/electron-to-chromium/-/electron-to-chromium-1.5.286.tgz 0ms (cache hit)
117 http cache deep-is@https://registry.npmjs.org/deep-is/-/deep-is-0.1.4.tgz 0ms (cache hit)
118 http cache enhanced-resolve@https://registry.npmjs.org/enhanced-resolve/-/enhanced-resolve-5.19.0.tgz 0ms (cache hit)
119 http cache detect-libc@https://registry.npmjs.org/detect-libc/-/detect-libc-2.1.2.tgz 0ms (cache hit)
120 http cache csstype@https://registry.npmjs.org/csstype/-/csstype-3.2.3.tgz 0ms (cache hit)
121 http cache debug@https://registry.npmjs.org/debug/-/debug-4.4.3.tgz 0ms (cache hit)
122 http cache cross-spawn@https://registry.npmjs.org/cross-spawn/-/cross-spawn-7.0.6.tgz 0ms (cache hit)
123 http cache eslint-visitor-keys@https://registry.npmjs.org/eslint-visitor-keys/-/eslint-visitor-keys-4.2.1.tgz 0ms (cache hit)
124 http cache concat-map@https://registry.npmjs.org/concat-map/-/concat-map-0.0.1.tgz 0ms (cache hit)
125 http cache convert-source-map@https://registry.npmjs.org/convert-source-map/-/convert-source-map-2.0.0.tgz 0ms (cache hit)
126 http cache color-convert@https://registry.npmjs.org/color-convert/-/color-convert-2.0.1.tgz 0ms (cache hit)
127 http cache cookie@https://registry.npmjs.org/cookie/-/cookie-1.1.1.tgz 0ms (cache hit)
128 http cache callsites@https://registry.npmjs.org/callsites/-/callsites-3.1.0.tgz 0ms (cache hit)
129 http cache browserslist@https://registry.npmjs.org/browserslist/-/browserslist-4.28.1.tgz 0ms (cache hit)
130 http cache brace-expansion@https://registry.npmjs.org/brace-expansion/-/brace-expansion-1.1.12.tgz 0ms (cache hit)
131 http cache caniuse-lite@https://registry.npmjs.org/caniuse-lite/-/caniuse-lite-1.0.30001768.tgz 0ms (cache hit)
132 http cache baseline-browser-mapping@https://registry.npmjs.org/baseline-browser-mapping/-/baseline-browser-mapping-2.9.19.tgz 0ms (cache hit)
133 http cache color-name@https://registry.npmjs.org/color-name/-/color-name-1.1.4.tgz 0ms (cache hit)
134 http cache balanced-match@https://registry.npmjs.org/balanced-match/-/balanced-match-1.0.2.tgz 0ms (cache hit)
135 http cache acorn@https://registry.npmjs.org/acorn/-/acorn-8.15.0.tgz 0ms (cache hit)
136 http cache argparse@https://registry.npmjs.org/argparse/-/argparse-2.0.1.tgz 0ms (cache hit)
137 http cache ajv@https://registry.npmjs.org/ajv/-/ajv-6.12.6.tgz 0ms (cache hit)
138 http cache ansi-styles@https://registry.npmjs.org/ansi-styles/-/ansi-styles-4.3.0.tgz 0ms (cache hit)
139 http cache @vitejs/plugin-react@https://registry.npmjs.org/@vitejs/plugin-react/-/plugin-react-5.1.3.tgz 0ms (cache hit)
140 http cache @types/react-dom@https://registry.npmjs.org/@types/react-dom/-/react-dom-19.2.3.tgz 0ms (cache hit)
141 http cache acorn-jsx@https://registry.npmjs.org/acorn-jsx/-/acorn-jsx-5.3.2.tgz 0ms (cache hit)
142 http cache @types/json-schema@https://registry.npmjs.org/@types/json-schema/-/json-schema-7.0.15.tgz 0ms (cache hit)
143 http cache @types/babel__generator@https://registry.npmjs.org/@types/babel__generator/-/babel__generator-7.27.0.tgz 0ms (cache hit)
144 http cache @types/babel__template@https://registry.npmjs.org/@types/babel__template/-/babel__template-7.4.4.tgz 0ms (cache hit)
145 http cache @types/babel__core@https://registry.npmjs.org/@types/babel__core/-/babel__core-7.20.5.tgz 0ms (cache hit)
146 http cache @types/estree@https://registry.npmjs.org/@types/estree/-/estree-1.0.8.tgz 0ms (cache hit)
147 http cache @types/react@https://registry.npmjs.org/@types/react/-/react-19.2.13.tgz 0ms (cache hit)
148 http cache @types/babel__traverse@https://registry.npmjs.org/@types/babel__traverse/-/babel__traverse-7.28.0.tgz 0ms (cache hit)
149 http cache @tailwindcss/vite@https://registry.npmjs.org/@tailwindcss/vite/-/vite-4.1.18.tgz 0ms (cache hit)
150 http cache @tailwindcss/oxide-darwin-arm64@https://registry.npmjs.org/@tailwindcss/oxide-darwin-arm64/-/oxide-darwin-arm64-4.1.18.tgz 0ms (cache hit)
151 http cache @rollup/rollup-darwin-arm64@https://registry.npmjs.org/@rollup/rollup-darwin-arm64/-/rollup-darwin-arm64-4.57.1.tgz 0ms (cache hit)
152 http cache @tailwindcss/oxide@https://registry.npmjs.org/@tailwindcss/oxide/-/oxide-4.1.18.tgz 0ms (cache hit)
153 http cache @tailwindcss/node@https://registry.npmjs.org/@tailwindcss/node/-/node-4.1.18.tgz 0ms (cache hit)
154 http cache @jridgewell/trace-mapping@https://registry.npmjs.org/@jridgewell/trace-mapping/-/trace-mapping-0.3.31.tgz 0ms (cache hit)
155 http cache @rolldown/pluginutils@https://registry.npmjs.org/@rolldown/pluginutils/-/pluginutils-1.0.0-rc.2.tgz 0ms (cache hit)
156 http cache @humanwhocodes/retry@https://registry.npmjs.org/@humanwhocodes/retry/-/retry-0.4.3.tgz 0ms (cache hit)
157 http cache @jridgewell/gen-mapping@https://registry.npmjs.org/@jridgewell/gen-mapping/-/gen-mapping-0.3.13.tgz 0ms (cache hit)
158 http cache @humanwhocodes/module-importer@https://registry.npmjs.org/@humanwhocodes/module-importer/-/module-importer-1.0.1.tgz 0ms (cache hit)
159 http cache @jridgewell/sourcemap-codec@https://registry.npmjs.org/@jridgewell/sourcemap-codec/-/sourcemap-codec-1.5.5.tgz 0ms (cache hit)
160 http cache @jridgewell/remapping@https://registry.npmjs.org/@jridgewell/remapping/-/remapping-2.3.5.tgz 0ms (cache hit)
161 http cache @humanfs/node@https://registry.npmjs.org/@humanfs/node/-/node-0.16.7.tgz 0ms (cache hit)
162 http cache @humanfs/core@https://registry.npmjs.org/@humanfs/core/-/core-0.19.1.tgz 0ms (cache hit)
163 http cache @eslint/object-schema@https://registry.npmjs.org/@eslint/object-schema/-/object-schema-2.1.7.tgz 0ms (cache hit)
164 http cache @eslint/js@https://registry.npmjs.org/@eslint/js/-/js-9.39.2.tgz 0ms (cache hit)
165 http cache @jridgewell/resolve-uri@https://registry.npmjs.org/@jridgewell/resolve-uri/-/resolve-uri-3.1.2.tgz 0ms (cache hit)
166 http cache @eslint/core@https://registry.npmjs.org/@eslint/core/-/core-0.17.0.tgz 0ms (cache hit)
167 http cache @eslint/eslintrc@https://registry.npmjs.org/@eslint/eslintrc/-/eslintrc-3.3.3.tgz 0ms (cache hit)
168 http cache @eslint/plugin-kit@https://registry.npmjs.org/@eslint/plugin-kit/-/plugin-kit-0.4.1.tgz 0ms (cache hit)
169 http cache @eslint/config-helpers@https://registry.npmjs.org/@eslint/config-helpers/-/config-helpers-0.4.2.tgz 0ms (cache hit)
170 http cache @fontsource/inter@https://registry.npmjs.org/@fontsource/inter/-/inter-5.2.8.tgz 0ms (cache hit)
171 http cache @eslint/config-array@https://registry.npmjs.org/@eslint/config-array/-/config-array-0.21.1.tgz 0ms (cache hit)
172 http cache @eslint-community/eslint-utils@https://registry.npmjs.org/@eslint-community/eslint-utils/-/eslint-utils-4.9.1.tgz 0ms (cache hit)
173 http cache @emailjs/browser@https://registry.npmjs.org/@emailjs/browser/-/browser-4.4.1.tgz 0ms (cache hit)
174 http cache @esbuild/darwin-arm64@https://registry.npmjs.org/@esbuild/darwin-arm64/-/darwin-arm64-0.27.3.tgz 0ms (cache hit)
175 http cache @babel/template@https://registry.npmjs.org/@babel/template/-/template-7.28.6.tgz 0ms (cache hit)
176 http cache @babel/traverse@https://registry.npmjs.org/@babel/traverse/-/traverse-7.29.0.tgz 0ms (cache hit)
177 http cache @babel/types@https://registry.npmjs.org/@babel/types/-/types-7.29.0.tgz 0ms (cache hit)
178 http cache @eslint-community/regexpp@https://registry.npmjs.org/@eslint-community/regexpp/-/regexpp-4.12.2.tgz 0ms (cache hit)
179 http cache @babel/plugin-transform-react-jsx-self@https://registry.npmjs.org/@babel/plugin-transform-react-jsx-self/-/plugin-transform-react-jsx-self-7.27.1.tgz 0ms (cache hit)
180 http cache @babel/plugin-transform-react-jsx-source@https://registry.npmjs.org/@babel/plugin-transform-react-jsx-source/-/plugin-transform-react-jsx-source-7.27.1.tgz 0ms (cache hit)
181 http cache @babel/parser@https://registry.npmjs.org/@babel/parser/-/parser-7.29.0.tgz 0ms (cache hit)
182 http cache @babel/helpers@https://registry.npmjs.org/@babel/helpers/-/helpers-7.28.6.tgz 0ms (cache hit)
183 http cache @babel/helper-validator-identifier@https://registry.npmjs.org/@babel/helper-validator-identifier/-/helper-validator-identifier-7.28.5.tgz 0ms (cache hit)
184 http cache @babel/helper-string-parser@https://registry.npmjs.org/@babel/helper-string-parser/-/helper-string-parser-7.27.1.tgz 0ms (cache hit)
185 http cache @babel/helper-plugin-utils@https://registry.npmjs.org/@babel/helper-plugin-utils/-/helper-plugin-utils-7.28.6.tgz 0ms (cache hit)
186 http cache @babel/helper-module-transforms@https://registry.npmjs.org/@babel/helper-module-transforms/-/helper-module-transforms-7.28.6.tgz 0ms (cache hit)
187 http cache @babel/helper-module-imports@https://registry.npmjs.org/@babel/helper-module-imports/-/helper-module-imports-7.28.6.tgz 0ms (cache hit)
188 http cache @babel/helper-validator-option@https://registry.npmjs.org/@babel/helper-validator-option/-/helper-validator-option-7.27.1.tgz 0ms (cache hit)
189 http cache @babel/helper-globals@https://registry.npmjs.org/@babel/helper-globals/-/helper-globals-7.28.0.tgz 0ms (cache hit)
190 http cache @babel/generator@https://registry.npmjs.org/@babel/generator/-/generator-7.29.1.tgz 0ms (cache hit)
191 http cache @babel/helper-compilation-targets@https://registry.npmjs.org/@babel/helper-compilation-targets/-/helper-compilation-targets-7.28.6.tgz 0ms (cache hit)
192 http cache @babel/core@https://registry.npmjs.org/@babel/core/-/core-7.29.0.tgz 0ms (cache hit)
193 http cache @babel/compat-data@https://registry.npmjs.org/@babel/compat-data/-/compat-data-7.29.0.tgz 0ms (cache hit)
194 http cache @babel/code-frame@https://registry.npmjs.org/@babel/code-frame/-/code-frame-7.29.0.tgz 0ms (cache hit)
195 http cache eslint-visitor-keys@https://registry.npmjs.org/eslint-visitor-keys/-/eslint-visitor-keys-3.4.3.tgz 0ms (cache hit)
196 http cache globals@https://registry.npmjs.org/globals/-/globals-14.0.0.tgz 0ms (cache hit)
197 http cache chalk@https://registry.npmjs.org/chalk/-/chalk-4.1.2.tgz 0ms (cache hit)
198 silly tarball no local data for zod-validation-error@https://registry.npmjs.org/zod-validation-error/-/zod-validation-error-4.0.2.tgz. Extracting by manifest.
199 silly tarball no local data for zod@https://registry.npmjs.org/zod/-/zod-4.3.6.tgz. Extracting by manifest.
200 silly tarball no local data for yocto-queue@https://registry.npmjs.org/yocto-queue/-/yocto-queue-0.1.0.tgz. Extracting by manifest.
201 silly tarball no local data for yallist@https://registry.npmjs.org/yallist/-/yallist-3.1.1.tgz. Extracting by manifest.
202 silly tarball no local data for word-wrap@https://registry.npmjs.org/word-wrap/-/word-wrap-1.2.5.tgz. Extracting by manifest.
203 silly tarball no local data for which@https://registry.npmjs.org/which/-/which-2.0.2.tgz. Extracting by manifest.
204 silly tarball no local data for uri-js@https://registry.npmjs.org/uri-js/-/uri-js-4.4.1.tgz. Extracting by manifest.
205 silly tarball no local data for vite@https://registry.npmjs.org/vite/-/vite-7.3.1.tgz. Extracting by manifest.
206 silly tarball no local data for uuid@https://registry.npmjs.org/uuid/-/uuid-13.0.0.tgz. Extracting by manifest.
207 silly tarball no local data for type-check@https://registry.npmjs.org/type-check/-/type-check-0.4.0.tgz. Extracting by manifest.
208 silly tarball no local data for tapable@https://registry.npmjs.org/tapable/-/tapable-2.3.0.tgz. Extracting by manifest.
209 silly tarball no local data for tslib@https://registry.npmjs.org/tslib/-/tslib-2.8.1.tgz. Extracting by manifest.
210 silly tarball no local data for tailwindcss@https://registry.npmjs.org/tailwindcss/-/tailwindcss-4.1.18.tgz. Extracting by manifest.
211 silly tarball no local data for strip-json-comments@https://registry.npmjs.org/strip-json-comments/-/strip-json-comments-3.1.1.tgz. Extracting by manifest.
212 silly tarball no local data for update-browserslist-db@https://registry.npmjs.org/update-browserslist-db/-/update-browserslist-db-1.2.3.tgz. Extracting by manifest.
213 silly tarball no local data for supports-color@https://registry.npmjs.org/supports-color/-/supports-color-7.2.0.tgz. Extracting by manifest.
214 silly tarball no local data for tinyglobby@https://registry.npmjs.org/tinyglobby/-/tinyglobby-0.2.15.tgz. Extracting by manifest.
215 silly tarball no local data for source-map-js@https://registry.npmjs.org/source-map-js/-/source-map-js-1.2.1.tgz. Extracting by manifest.
216 silly tarball no local data for shebang-command@https://registry.npmjs.org/shebang-command/-/shebang-command-2.0.0.tgz. Extracting by manifest.
217 silly tarball no local data for set-cookie-parser@https://registry.npmjs.org/set-cookie-parser/-/set-cookie-parser-2.7.2.tgz. Extracting by manifest.
218 silly tarball no local data for semver@https://registry.npmjs.org/semver/-/semver-6.3.1.tgz. Extracting by manifest.
219 silly tarball no local data for scheduler@https://registry.npmjs.org/scheduler/-/scheduler-0.27.0.tgz. Extracting by manifest.
220 silly tarball no local data for shebang-regex@https://registry.npmjs.org/shebang-regex/-/shebang-regex-3.0.0.tgz. Extracting by manifest.
221 silly tarball no local data for rollup@https://registry.npmjs.org/rollup/-/rollup-4.57.1.tgz. Extracting by manifest.
222 silly tarball no local data for resolve-from@https://registry.npmjs.org/resolve-from/-/resolve-from-4.0.0.tgz. Extracting by manifest.
223 silly tarball no local data for react-router-dom@https://registry.npmjs.org/react-router-dom/-/react-router-dom-7.13.0.tgz. Extracting by manifest.
224 silly tarball no local data for react-router@https://registry.npmjs.org/react-router/-/react-router-7.13.0.tgz. Extracting by manifest.
225 silly tarball no local data for react-refresh@https://registry.npmjs.org/react-refresh/-/react-refresh-0.18.0.tgz. Extracting by manifest.
226 silly tarball no local data for react@https://registry.npmjs.org/react/-/react-19.2.4.tgz. Extracting by manifest.
227 silly tarball no local data for punycode@https://registry.npmjs.org/punycode/-/punycode-2.3.1.tgz. Extracting by manifest.
228 silly tarball no local data for prelude-ls@https://registry.npmjs.org/prelude-ls/-/prelude-ls-1.2.1.tgz. Extracting by manifest.
229 silly tarball no local data for picomatch@https://registry.npmjs.org/picomatch/-/picomatch-4.0.3.tgz. Extracting by manifest.
230 silly tarball no local data for picocolors@https://registry.npmjs.org/picocolors/-/picocolors-1.1.1.tgz. Extracting by manifest.
231 silly tarball no local data for react-dom@https://registry.npmjs.org/react-dom/-/react-dom-19.2.4.tgz. Extracting by manifest.
232 silly tarball no local data for postcss@https://registry.npmjs.org/postcss/-/postcss-8.5.6.tgz. Extracting by manifest.
233 silly tarball no local data for path-key@https://registry.npmjs.org/path-key/-/path-key-3.1.1.tgz. Extracting by manifest.
234 silly tarball no local data for path-exists@https://registry.npmjs.org/path-exists/-/path-exists-4.0.0.tgz. Extracting by manifest.
235 silly tarball no local data for parent-module@https://registry.npmjs.org/parent-module/-/parent-module-1.0.1.tgz. Extracting by manifest.
236 silly tarball no local data for p-locate@https://registry.npmjs.org/p-locate/-/p-locate-5.0.0.tgz. Extracting by manifest.
237 silly tarball no local data for optionator@https://registry.npmjs.org/optionator/-/optionator-0.9.4.tgz. Extracting by manifest.
238 silly tarball no local data for node-releases@https://registry.npmjs.org/node-releases/-/node-releases-2.0.27.tgz. Extracting by manifest.
239 silly tarball no local data for p-limit@https://registry.npmjs.org/p-limit/-/p-limit-3.1.0.tgz. Extracting by manifest.
240 silly tarball no local data for natural-compare@https://registry.npmjs.org/natural-compare/-/natural-compare-1.4.0.tgz. Extracting by manifest.
241 silly tarball no local data for nanoid@https://registry.npmjs.org/nanoid/-/nanoid-3.3.11.tgz. Extracting by manifest.
242 silly tarball no local data for ms@https://registry.npmjs.org/ms/-/ms-2.1.3.tgz. Extracting by manifest.
243 silly tarball no local data for motion-utils@https://registry.npmjs.org/motion-utils/-/motion-utils-12.29.2.tgz. Extracting by manifest.
244 silly tarball no local data for motion-dom@https://registry.npmjs.org/motion-dom/-/motion-dom-12.33.0.tgz. Extracting by manifest.
245 silly tarball no local data for minimatch@https://registry.npmjs.org/minimatch/-/minimatch-3.1.2.tgz. Extracting by manifest.
246 silly tarball no local data for magic-string@https://registry.npmjs.org/magic-string/-/magic-string-0.30.21.tgz. Extracting by manifest.
247 silly tarball no local data for lucide-react@https://registry.npmjs.org/lucide-react/-/lucide-react-0.563.0.tgz. Extracting by manifest.
248 silly tarball no local data for lru-cache@https://registry.npmjs.org/lru-cache/-/lru-cache-5.1.1.tgz. Extracting by manifest.
249 silly tarball no local data for lodash.merge@https://registry.npmjs.org/lodash.merge/-/lodash.merge-4.6.2.tgz. Extracting by manifest.
250 silly tarball no local data for locate-path@https://registry.npmjs.org/locate-path/-/locate-path-6.0.0.tgz. Extracting by manifest.
251 silly tarball no local data for lightningcss@https://registry.npmjs.org/lightningcss/-/lightningcss-1.30.2.tgz. Extracting by manifest.
252 silly tarball no local data for levn@https://registry.npmjs.org/levn/-/levn-0.4.1.tgz. Extracting by manifest.
253 silly tarball no local data for lightningcss-darwin-arm64@https://registry.npmjs.org/lightningcss-darwin-arm64/-/lightningcss-darwin-arm64-1.30.2.tgz. Extracting by manifest.
254 silly tarball no local data for json5@https://registry.npmjs.org/json5/-/json5-2.2.3.tgz. Extracting by manifest.
255 silly tarball no local data for json-schema-traverse@https://registry.npmjs.org/json-schema-traverse/-/json-schema-traverse-0.4.1.tgz. Extracting by manifest.
256 silly tarball no local data for json-buffer@https://registry.npmjs.org/json-buffer/-/json-buffer-3.0.1.tgz. Extracting by manifest.
257 silly tarball no local data for js-yaml@https://registry.npmjs.org/js-yaml/-/js-yaml-4.1.1.tgz. Extracting by manifest.
258 silly tarball no local data for jsesc@https://registry.npmjs.org/jsesc/-/jsesc-3.1.0.tgz. Extracting by manifest.
259 silly tarball no local data for keyv@https://registry.npmjs.org/keyv/-/keyv-4.5.4.tgz. Extracting by manifest.
260 silly tarball no local data for json-stable-stringify-without-jsonify@https://registry.npmjs.org/json-stable-stringify-without-jsonify/-/json-stable-stringify-without-jsonify-1.0.1.tgz. Extracting by manifest.
261 silly tarball no local data for js-tokens@https://registry.npmjs.org/js-tokens/-/js-tokens-4.0.0.tgz. Extracting by manifest.
262 silly tarball no local data for jiti@https://registry.npmjs.org/jiti/-/jiti-2.6.1.tgz. Extracting by manifest.
263 silly tarball no local data for isexe@https://registry.npmjs.org/isexe/-/isexe-2.0.0.tgz. Extracting by manifest.
264 silly tarball no local data for is-glob@https://registry.npmjs.org/is-glob/-/is-glob-4.0.3.tgz. Extracting by manifest.
265 silly tarball no local data for is-extglob@https://registry.npmjs.org/is-extglob/-/is-extglob-2.1.1.tgz. Extracting by manifest.
266 silly tarball no local data for imurmurhash@https://registry.npmjs.org/imurmurhash/-/imurmurhash-0.1.4.tgz. Extracting by manifest.
267 silly tarball no local data for import-fresh@https://registry.npmjs.org/import-fresh/-/import-fresh-3.3.1.tgz. Extracting by manifest.
268 silly tarball no local data for ignore@https://registry.npmjs.org/ignore/-/ignore-5.3.2.tgz. Extracting by manifest.
269 silly tarball no local data for hermes-parser@https://registry.npmjs.org/hermes-parser/-/hermes-parser-0.25.1.tgz. Extracting by manifest.
270 silly tarball no local data for hermes-estree@https://registry.npmjs.org/hermes-estree/-/hermes-estree-0.25.1.tgz. Extracting by manifest.
271 silly tarball no local data for has-flag@https://registry.npmjs.org/has-flag/-/has-flag-4.0.0.tgz. Extracting by manifest.
272 silly tarball no local data for graceful-fs@https://registry.npmjs.org/graceful-fs/-/graceful-fs-4.2.11.tgz. Extracting by manifest.
273 silly tarball no local data for globals@https://registry.npmjs.org/globals/-/globals-16.5.0.tgz. Extracting by manifest.
274 silly tarball no local data for glob-parent@https://registry.npmjs.org/glob-parent/-/glob-parent-6.0.2.tgz. Extracting by manifest.
275 silly tarball no local data for gensync@https://registry.npmjs.org/gensync/-/gensync-1.0.0-beta.2.tgz. Extracting by manifest.
276 silly tarball no local data for fsevents@https://registry.npmjs.org/fsevents/-/fsevents-2.3.3.tgz. Extracting by manifest.
277 silly tarball no local data for flatted@https://registry.npmjs.org/flatted/-/flatted-3.3.3.tgz. Extracting by manifest.
278 silly tarball no local data for flat-cache@https://registry.npmjs.org/flat-cache/-/flat-cache-4.0.1.tgz. Extracting by manifest.
279 silly tarball no local data for find-up@https://registry.npmjs.org/find-up/-/find-up-5.0.0.tgz. Extracting by manifest.
280 silly tarball no local data for file-entry-cache@https://registry.npmjs.org/file-entry-cache/-/file-entry-cache-8.0.0.tgz. Extracting by manifest.
281 silly tarball no local data for framer-motion@https://registry.npmjs.org/framer-motion/-/framer-motion-12.33.0.tgz. Extracting by manifest.
282 silly tarball no local data for fdir@https://registry.npmjs.org/fdir/-/fdir-6.5.0.tgz. Extracting by manifest.
283 silly tarball no local data for fast-levenshtein@https://registry.npmjs.org/fast-levenshtein/-/fast-levenshtein-2.0.6.tgz. Extracting by manifest.
284 silly tarball no local data for esutils@https://registry.npmjs.org/esutils/-/esutils-2.0.3.tgz. Extracting by manifest.
285 silly tarball no local data for fast-json-stable-stringify@https://registry.npmjs.org/fast-json-stable-stringify/-/fast-json-stable-stringify-2.1.0.tgz. Extracting by manifest.
286 silly tarball no local data for estraverse@https://registry.npmjs.org/estraverse/-/estraverse-5.3.0.tgz. Extracting by manifest.
287 silly tarball no local data for esquery@https://registry.npmjs.org/esquery/-/esquery-1.7.0.tgz. Extracting by manifest.
288 silly tarball no local data for esrecurse@https://registry.npmjs.org/esrecurse/-/esrecurse-4.3.0.tgz. Extracting by manifest.
289 silly tarball no local data for eslint-scope@https://registry.npmjs.org/eslint-scope/-/eslint-scope-8.4.0.tgz. Extracting by manifest.
290 silly tarball no local data for eslint-plugin-react-refresh@https://registry.npmjs.org/eslint-plugin-react-refresh/-/eslint-plugin-react-refresh-0.4.26.tgz. Extracting by manifest.
291 silly tarball no local data for eslint-plugin-react-hooks@https://registry.npmjs.org/eslint-plugin-react-hooks/-/eslint-plugin-react-hooks-7.0.1.tgz. Extracting by manifest.
292 silly tarball no local data for eslint@https://registry.npmjs.org/eslint/-/eslint-9.39.2.tgz. Extracting by manifest.
293 silly tarball no local data for escape-string-regexp@https://registry.npmjs.org/escape-string-regexp/-/escape-string-regexp-4.0.0.tgz. Extracting by manifest.
294 silly tarball no local data for espree@https://registry.npmjs.org/espree/-/espree-10.4.0.tgz. Extracting by manifest.
295 silly tarball no local data for escalade@https://registry.npmjs.org/escalade/-/escalade-3.2.0.tgz. Extracting by manifest.
296 silly tarball no local data for fast-deep-equal@https://registry.npmjs.org/fast-deep-equal/-/fast-deep-equal-3.1.3.tgz. Extracting by manifest.
297 silly tarball no local data for esbuild@https://registry.npmjs.org/esbuild/-/esbuild-0.27.3.tgz. Extracting by manifest.
298 silly tarball no local data for electron-to-chromium@https://registry.npmjs.org/electron-to-chromium/-/electron-to-chromium-1.5.286.tgz. Extracting by manifest.
299 silly tarball no local data for deep-is@https://registry.npmjs.org/deep-is/-/deep-is-0.1.4.tgz. Extracting by manifest.
300 silly tarball no local data for enhanced-resolve@https://registry.npmjs.org/enhanced-resolve/-/enhanced-resolve-5.19.0.tgz. Extracting by manifest.
301 silly tarball no local data for detect-libc@https://registry.npmjs.org/detect-libc/-/detect-libc-2.1.2.tgz. Extracting by manifest.
302 silly tarball no local data for csstype@https://registry.npmjs.org/csstype/-/csstype-3.2.3.tgz. Extracting by manifest.
303 silly tarball no local data for debug@https://registry.npmjs.org/debug/-/debug-4.4.3.tgz. Extracting by manifest.
304 silly tarball no local data for cross-spawn@https://registry.npmjs.org/cross-spawn/-/cross-spawn-7.0.6.tgz. Extracting by manifest.
305 silly tarball no local data for eslint-visitor-keys@https://registry.npmjs.org/eslint-visitor-keys/-/eslint-visitor-keys-4.2.1.tgz. Extracting by manifest.
306 silly tarball no local data for concat-map@https://registry.npmjs.org/concat-map/-/concat-map-0.0.1.tgz. Extracting by manifest.
307 silly tarball no local data for convert-source-map@https://registry.npmjs.org/convert-source-map/-/convert-source-map-2.0.0.tgz. Extracting by manifest.
308 silly tarball no local data for color-convert@https://registry.npmjs.org/color-convert/-/color-convert-2.0.1.tgz. Extracting by manifest.
309 silly tarball no local data for cookie@https://registry.npmjs.org/cookie/-/cookie-1.1.1.tgz. Extracting by manifest.
310 silly tarball no local data for callsites@https://registry.npmjs.org/callsites/-/callsites-3.1.0.tgz. Extracting by manifest.
311 silly tarball no local data for browserslist@https://registry.npmjs.org/browserslist/-/browserslist-4.28.1.tgz. Extracting by manifest.
312 silly tarball no local data for brace-expansion@https://registry.npmjs.org/brace-expansion/-/brace-expansion-1.1.12.tgz. Extracting by manifest.
313 silly tarball no local data for caniuse-lite@https://registry.npmjs.org/caniuse-lite/-/caniuse-lite-1.0.30001768.tgz. Extracting by manifest.
314 silly tarball no local data for baseline-browser-mapping@https://registry.npmjs.org/baseline-browser-mapping/-/baseline-browser-mapping-2.9.19.tgz. Extracting by manifest.
315 silly tarball no local data for color-name@https://registry.npmjs.org/color-name/-/color-name-1.1.4.tgz. Extracting by manifest.
316 silly tarball no local data for balanced-match@https://registry.npmjs.org/balanced-match/-/balanced-match-1.0.2.tgz. Extracting by manifest.
317 silly tarball no local data for acorn@https://registry.npmjs.org/acorn/-/acorn-8.15.0.tgz. Extracting by manifest.
318 silly tarball no local data for argparse@https://registry.npmjs.org/argparse/-/argparse-2.0.1.tgz. Extracting by manifest.
319 silly tarball no local data for ajv@https://registry.npmjs.org/ajv/-/ajv-6.12.6.tgz. Extracting by manifest.
320 silly tarball no local data for ansi-styles@https://registry.npmjs.org/ansi-styles/-/ansi-styles-4.3.0.tgz. Extracting by manifest.
321 silly tarball no local data for @vitejs/plugin-react@https://registry.npmjs.org/@vitejs/plugin-react/-/plugin-react-5.1.3.tgz. Extracting by manifest.
322 silly tarball no local data for @types/react-dom@https://registry.npmjs.org/@types/react-dom/-/react-dom-19.2.3.tgz. Extracting by manifest.
323 silly tarball no local data for acorn-jsx@https://registry.npmjs.org/acorn-jsx/-/acorn-jsx-5.3.2.tgz. Extracting by manifest.
324 silly tarball no local data for @types/json-schema@https://registry.npmjs.org/@types/json-schema/-/json-schema-7.0.15.tgz. Extracting by manifest.
325 silly tarball no local data for @types/babel__generator@https://registry.npmjs.org/@types/babel__generator/-/babel__generator-7.27.0.tgz. Extracting by manifest.
326 silly tarball no local data for @types/babel__template@https://registry.npmjs.org/@types/babel__template/-/babel__template-7.4.4.tgz. Extracting by manifest.
327 silly tarball no local data for @types/babel__core@https://registry.npmjs.org/@types/babel__core/-/babel__core-7.20.5.tgz. Extracting by manifest.
328 silly tarball no local data for @types/estree@https://registry.npmjs.org/@types/estree/-/estree-1.0.8.tgz. Extracting by manifest.
329 silly tarball no local data for @types/react@https://registry.npmjs.org/@types/react/-/react-19.2.13.tgz. Extracting by manifest.
330 silly tarball no local data for @types/babel__traverse@https://registry.npmjs.org/@types/babel__traverse/-/babel__traverse-7.28.0.tgz. Extracting by manifest.
331 silly tarball no local data for @tailwindcss/vite@https://registry.npmjs.org/@tailwindcss/vite/-/vite-4.1.18.tgz. Extracting by manifest.
332 silly tarball no local data for @tailwindcss/oxide-darwin-arm64@https://registry.npmjs.org/@tailwindcss/oxide-darwin-arm64/-/oxide-darwin-arm64-4.1.18.tgz. Extracting by manifest.
333 silly tarball no local data for @rollup/rollup-darwin-arm64@https://registry.npmjs.org/@rollup/rollup-darwin-arm64/-/rollup-darwin-arm64-4.57.1.tgz. Extracting by manifest.
334 silly tarball no local data for @tailwindcss/oxide@https://registry.npmjs.org/@tailwindcss/oxide/-/oxide-4.1.18.tgz. Extracting by manifest.
335 silly tarball no local data for @tailwindcss/node@https://registry.npmjs.org/@tailwindcss/node/-/node-4.1.18.tgz. Extracting by manifest.
336 silly tarball no local data for @jridgewell/trace-mapping@https://registry.npmjs.org/@jridgewell/trace-mapping/-/trace-mapping-0.3.31.tgz. Extracting by manifest.
337 silly tarball no local data for @rolldown/pluginutils@https://registry.npmjs.org/@rolldown/pluginutils/-/pluginutils-1.0.0-rc.2.tgz. Extracting by manifest.
338 silly tarball no local data for @humanwhocodes/retry@https://registry.npmjs.org/@humanwhocodes/retry/-/retry-0.4.3.tgz. Extracting by manifest.
339 silly tarball no local data for @jridgewell/gen-mapping@https://registry.npmjs.org/@jridgewell/gen-mapping/-/gen-mapping-0.3.13.tgz. Extracting by manifest.
340 silly tarball no local data for @humanwhocodes/module-importer@https://registry.npmjs.org/@humanwhocodes/module-importer/-/module-importer-1.0.1.tgz. Extracting by manifest.
341 silly tarball no local data for @jridgewell/sourcemap-codec@https://registry.npmjs.org/@jridgewell/sourcemap-codec/-/sourcemap-codec-1.5.5.tgz. Extracting by manifest.
342 silly tarball no local data for @jridgewell/remapping@https://registry.npmjs.org/@jridgewell/remapping/-/remapping-2.3.5.tgz. Extracting by manifest.
343 silly tarball no local data for @humanfs/node@https://registry.npmjs.org/@humanfs/node/-/node-0.16.7.tgz. Extracting by manifest.
344 silly tarball no local data for @humanfs/core@https://registry.npmjs.org/@humanfs/core/-/core-0.19.1.tgz. Extracting by manifest.
345 silly tarball no local data for @eslint/object-schema@https://registry.npmjs.org/@eslint/object-schema/-/object-schema-2.1.7.tgz. Extracting by manifest.
346 silly tarball no local data for @eslint/js@https://registry.npmjs.org/@eslint/js/-/js-9.39.2.tgz. Extracting by manifest.
347 silly tarball no local data for @jridgewell/resolve-uri@https://registry.npmjs.org/@jridgewell/resolve-uri/-/resolve-uri-3.1.2.tgz. Extracting by manifest.
348 silly tarball no local data for @eslint/core@https://registry.npmjs.org/@eslint/core/-/core-0.17.0.tgz. Extracting by manifest.
349 silly tarball no local data for @eslint/eslintrc@https://registry.npmjs.org/@eslint/eslintrc/-/eslintrc-3.3.3.tgz. Extracting by manifest.
350 silly tarball no local data for @eslint/plugin-kit@https://registry.npmjs.org/@eslint/plugin-kit/-/plugin-kit-0.4.1.tgz. Extracting by manifest.
351 silly tarball no local data for @eslint/config-helpers@https://registry.npmjs.org/@eslint/config-helpers/-/config-helpers-0.4.2.tgz. Extracting by manifest.
352 silly tarball no local data for @fontsource/inter@https://registry.npmjs.org/@fontsource/inter/-/inter-5.2.8.tgz. Extracting by manifest.
353 silly tarball no local data for @eslint/config-array@https://registry.npmjs.org/@eslint/config-array/-/config-array-0.21.1.tgz. Extracting by manifest.
354 silly tarball no local data for @eslint-community/eslint-utils@https://registry.npmjs.org/@eslint-community/eslint-utils/-/eslint-utils-4.9.1.tgz. Extracting by manifest.
355 silly tarball no local data for @emailjs/browser@https://registry.npmjs.org/@emailjs/browser/-/browser-4.4.1.tgz. Extracting by manifest.
356 silly tarball no local data for @esbuild/darwin-arm64@https://registry.npmjs.org/@esbuild/darwin-arm64/-/darwin-arm64-0.27.3.tgz. Extracting by manifest.
357 silly tarball no local data for @babel/template@https://registry.npmjs.org/@babel/template/-/template-7.28.6.tgz. Extracting by manifest.
358 silly tarball no local data for @babel/traverse@https://registry.npmjs.org/@babel/traverse/-/traverse-7.29.0.tgz. Extracting by manifest.
359 silly tarball no local data for @babel/types@https://registry.npmjs.org/@babel/types/-/types-7.29.0.tgz. Extracting by manifest.
360 silly tarball no local data for @eslint-community/regexpp@https://registry.npmjs.org/@eslint-community/regexpp/-/regexpp-4.12.2.tgz. Extracting by manifest.
361 silly tarball no local data for @babel/plugin-transform-react-jsx-self@https://registry.npmjs.org/@babel/plugin-transform-react-jsx-self/-/plugin-transform-react-jsx-self-7.27.1.tgz. Extracting by manifest.
362 silly tarball no local data for @babel/plugin-transform-react-jsx-source@https://registry.npmjs.org/@babel/plugin-transform-react-jsx-source/-/plugin-transform-react-jsx-source-7.27.1.tgz. Extracting by manifest.
363 silly tarball no local data for @babel/parser@https://registry.npmjs.org/@babel/parser/-/parser-7.29.0.tgz. Extracting by manifest.
364 silly tarball no local data for @babel/helpers@https://registry.npmjs.org/@babel/helpers/-/helpers-7.28.6.tgz. Extracting by manifest.
365 silly tarball no local data for @babel/helper-validator-identifier@https://registry.npmjs.org/@babel/helper-validator-identifier/-/helper-validator-identifier-7.28.5.tgz. Extracting by manifest.
366 silly tarball no local data for @babel/helper-string-parser@https://registry.npmjs.org/@babel/helper-string-parser/-/helper-string-parser-7.27.1.tgz. Extracting by manifest.
367 silly tarball no local data for @babel/helper-plugin-utils@https://registry.npmjs.org/@babel/helper-plugin-utils/-/helper-plugin-utils-7.28.6.tgz. Extracting by manifest.
368 silly tarball no local data for @babel/helper-module-transforms@https://registry.npmjs.org/@babel/helper-module-transforms/-/helper-module-transforms-7.28.6.tgz. Extracting by manifest.
369 silly tarball no local data for @babel/helper-module-imports@https://registry.npmjs.org/@babel/helper-module-imports/-/helper-module-imports-7.28.6.tgz. Extracting by manifest.
370 silly tarball no local data for @babel/helper-validator-option@https://registry.npmjs.org/@babel/helper-validator-option/-/helper-validator-option-7.27.1.tgz. Extracting by manifest.
371 silly tarball no local data for @babel/helper-globals@https://registry.npmjs.org/@babel/helper-globals/-/helper-globals-7.28.0.tgz. Extracting by manifest.
372 silly tarball no local data for @babel/generator@https://registry.npmjs.org/@babel/generator/-/generator-7.29.1.tgz. Extracting by manifest.
373 silly tarball no local data for @babel/helper-compilation-targets@https://registry.npmjs.org/@babel/helper-compilation-targets/-/helper-compilation-targets-7.28.6.tgz. Extracting by manifest.
374 silly tarball no local data for @babel/core@https://registry.npmjs.org/@babel/core/-/core-7.29.0.tgz. Extracting by manifest.
375 silly tarball no local data for @babel/compat-data@https://registry.npmjs.org/@babel/compat-data/-/compat-data-7.29.0.tgz. Extracting by manifest.
376 silly tarball no local data for @babel/code-frame@https://registry.npmjs.org/@babel/code-frame/-/code-frame-7.29.0.tgz. Extracting by manifest.
377 silly tarball no local data for eslint-visitor-keys@https://registry.npmjs.org/eslint-visitor-keys/-/eslint-visitor-keys-3.4.3.tgz. Extracting by manifest.
378 silly tarball no local data for globals@https://registry.npmjs.org/globals/-/globals-14.0.0.tgz. Extracting by manifest.
379 silly tarball no local data for chalk@https://registry.npmjs.org/chalk/-/chalk-4.1.2.tgz. Extracting by manifest.
380 http fetch GET 200 https://registry.npmjs.org/npm 245ms
381 http fetch GET 200 https://registry.npmjs.org/yocto-queue/-/yocto-queue-0.1.0.tgz 186ms (cache miss)
382 http fetch GET 200 https://registry.npmjs.org/word-wrap/-/word-wrap-1.2.5.tgz 187ms (cache miss)
383 http fetch GET 200 https://registry.npmjs.org/yallist/-/yallist-3.1.1.tgz 190ms (cache miss)
384 http fetch GET 200 https://registry.npmjs.org/strip-json-comments/-/strip-json-comments-3.1.1.tgz 189ms (cache miss)
385 http fetch GET 200 https://registry.npmjs.org/which/-/which-2.0.2.tgz 191ms (cache miss)
386 http fetch GET 200 https://registry.npmjs.org/shebang-command/-/shebang-command-2.0.0.tgz 210ms (cache miss)
387 http fetch GET 200 https://registry.npmjs.org/update-browserslist-db/-/update-browserslist-db-1.2.3.tgz 214ms (cache miss)
388 http fetch GET 200 https://registry.npmjs.org/scheduler/-/scheduler-0.27.0.tgz 214ms (cache miss)
389 http fetch GET 200 https://registry.npmjs.org/supports-color/-/supports-color-7.2.0.tgz 215ms (cache miss)
390 http fetch GET 200 https://registry.npmjs.org/type-check/-/type-check-0.4.0.tgz 222ms (cache miss)
391 http fetch GET 200 https://registry.npmjs.org/set-cookie-parser/-/set-cookie-parser-2.7.2.tgz 225ms (cache miss)
392 http fetch GET 200 https://registry.npmjs.org/tinyglobby/-/tinyglobby-0.2.15.tgz 232ms (cache miss)
393 http fetch GET 200 https://registry.npmjs.org/shebang-regex/-/shebang-regex-3.0.0.tgz 234ms (cache miss)
394 http fetch GET 200 https://registry.npmjs.org/resolve-from/-/resolve-from-4.0.0.tgz 233ms (cache miss)
395 http fetch GET 200 https://registry.npmjs.org/react-router-dom/-/react-router-dom-7.13.0.tgz 237ms (cache miss)
396 http fetch GET 200 https://registry.npmjs.org/semver/-/semver-6.3.1.tgz 243ms (cache miss)
397 http fetch GET 200 https://registry.npmjs.org/picocolors/-/picocolors-1.1.1.tgz 241ms (cache miss)
398 http fetch GET 200 https://registry.npmjs.org/path-key/-/path-key-3.1.1.tgz 241ms (cache miss)
399 http fetch GET 200 https://registry.npmjs.org/tslib/-/tslib-2.8.1.tgz 247ms (cache miss)
400 http fetch GET 200 https://registry.npmjs.org/parent-module/-/parent-module-1.0.1.tgz 244ms (cache miss)
401 http fetch GET 200 https://registry.npmjs.org/punycode/-/punycode-2.3.1.tgz 248ms (cache miss)
402 http fetch GET 200 https://registry.npmjs.org/react-refresh/-/react-refresh-0.18.0.tgz 254ms (cache miss)
403 http fetch GET 200 https://registry.npmjs.org/path-exists/-/path-exists-4.0.0.tgz 254ms (cache miss)
404 http fetch GET 200 https://registry.npmjs.org/p-locate/-/p-locate-5.0.0.tgz 254ms (cache miss)
405 http fetch GET 200 https://registry.npmjs.org/node-releases/-/node-releases-2.0.27.tgz 270ms (cache miss)
406 http fetch GET 200 https://registry.npmjs.org/optionator/-/optionator-0.9.4.tgz 273ms (cache miss)
407 http fetch GET 200 https://registry.npmjs.org/ms/-/ms-2.1.3.tgz 283ms (cache miss)
408 http fetch GET 200 https://registry.npmjs.org/p-limit/-/p-limit-3.1.0.tgz 286ms (cache miss)
409 http fetch GET 200 https://registry.npmjs.org/prelude-ls/-/prelude-ls-1.2.1.tgz 288ms (cache miss)
410 http fetch GET 200 https://registry.npmjs.org/natural-compare/-/natural-compare-1.4.0.tgz 288ms (cache miss)
411 http fetch GET 200 https://registry.npmjs.org/locate-path/-/locate-path-6.0.0.tgz 287ms (cache miss)
412 http fetch GET 200 https://registry.npmjs.org/minimatch/-/minimatch-3.1.2.tgz 289ms (cache miss)
413 http fetch GET 200 https://registry.npmjs.org/lru-cache/-/lru-cache-5.1.1.tgz 290ms (cache miss)
414 http fetch GET 200 https://registry.npmjs.org/tapable/-/tapable-2.3.0.tgz 298ms (cache miss)
415 http fetch GET 200 https://registry.npmjs.org/zod-validation-error/-/zod-validation-error-4.0.2.tgz 303ms (cache miss)
416 http fetch GET 200 https://registry.npmjs.org/lodash.merge/-/lodash.merge-4.6.2.tgz 297ms (cache miss)
417 http fetch GET 200 https://registry.npmjs.org/picomatch/-/picomatch-4.0.3.tgz 302ms (cache miss)
418 http fetch GET 200 https://registry.npmjs.org/source-map-js/-/source-map-js-1.2.1.tgz 319ms (cache miss)
419 http fetch GET 200 https://registry.npmjs.org/json-buffer/-/json-buffer-3.0.1.tgz 321ms (cache miss)
420 http fetch GET 200 https://registry.npmjs.org/json-stable-stringify-without-jsonify/-/json-stable-stringify-without-jsonify-1.0.1.tgz 349ms (cache miss)
421 http fetch GET 200 https://registry.npmjs.org/js-tokens/-/js-tokens-4.0.0.tgz 356ms (cache miss)
422 http fetch GET 200 https://registry.npmjs.org/keyv/-/keyv-4.5.4.tgz 358ms (cache miss)
423 http fetch GET 200 https://registry.npmjs.org/jsesc/-/jsesc-3.1.0.tgz 358ms (cache miss)
424 http fetch GET 200 https://registry.npmjs.org/json-schema-traverse/-/json-schema-traverse-0.4.1.tgz 362ms (cache miss)
425 http fetch GET 200 https://registry.npmjs.org/nanoid/-/nanoid-3.3.11.tgz 366ms (cache miss)
426 http fetch GET 200 https://registry.npmjs.org/levn/-/levn-0.4.1.tgz 374ms (cache miss)
427 http fetch POST 200 https://registry.npmjs.org/-/npm/v1/security/advisories/bulk 417ms
428 silly audit report {
428 silly audit report   ajv: [
428 silly audit report     {
428 silly audit report       id: 1113714,
428 silly audit report       url: 'https://github.com/advisories/GHSA-2g4f-4pwh-qvx6',
428 silly audit report       title: 'ajv has ReDoS when using `$data` option',
428 silly audit report       severity: 'moderate',
428 silly audit report       vulnerable_versions: '<6.14.0',
428 silly audit report       cwe: [Array],
428 silly audit report       cvss: [Object]
428 silly audit report     }
428 silly audit report   ],
428 silly audit report   minimatch: [
428 silly audit report     {
428 silly audit report       id: 1113459,
428 silly audit report       url: 'https://github.com/advisories/GHSA-3ppc-4f35-3m26',
428 silly audit report       title: 'minimatch has a ReDoS via repeated wildcards with non-matching literal in pattern',
428 silly audit report       severity: 'high',
428 silly audit report       vulnerable_versions: '<3.1.3',
428 silly audit report       cwe: [Array],
428 silly audit report       cvss: [Object]
428 silly audit report     },
428 silly audit report     {
428 silly audit report       id: 1113538,
428 silly audit report       url: 'https://github.com/advisories/GHSA-7r86-cg39-jmmj',
428 silly audit report       title: 'minimatch has ReDoS: matchOne() combinatorial backtracking via multiple non-adjacent GLOBSTAR segments',
428 silly audit report       severity: 'high',
428 silly audit report       vulnerable_versions: '<3.1.3',
428 silly audit report       cwe: [Array],
428 silly audit report       cvss: [Object]
428 silly audit report     },
428 silly audit report     {
428 silly audit report       id: 1113546,
428 silly audit report       url: 'https://github.com/advisories/GHSA-23c5-xmqv-rm74',
428 silly audit report       title: 'minimatch ReDoS: nested *() extglobs generate catastrophically backtracking regular expressions',
428 silly audit report       severity: 'high',
428 silly audit report       vulnerable_versions: '<3.1.4',
428 silly audit report       cwe: [Array],
428 silly audit report       cvss: [Object]
428 silly audit report     }
428 silly audit report   ],
428 silly audit report   rollup: [
428 silly audit report     {
428 silly audit report       id: 1113515,
428 silly audit report       url: 'https://github.com/advisories/GHSA-mw96-cpmx-2vgc',
428 silly audit report       title: 'Rollup 4 has Arbitrary File Write via Path Traversal',
428 silly audit report       severity: 'high',
428 silly audit report       vulnerable_versions: '>=4.0.0 <4.59.0',
428 silly audit report       cwe: [Array],
428 silly audit report       cvss: [Object]
428 silly audit report     }
428 silly audit report   ]
428 silly audit report }
429 silly packumentCache corgi:https://registry.npmjs.org/ajv cache-miss
430 silly packumentCache corgi:https://registry.npmjs.org/minimatch cache-miss
431 silly packumentCache corgi:https://registry.npmjs.org/rollup cache-miss
432 http fetch GET 200 https://registry.npmjs.org/import-fresh/-/import-fresh-3.3.1.tgz 385ms (cache miss)
433 http fetch GET 200 https://registry.npmjs.org/react/-/react-19.2.4.tgz 393ms (cache miss)
434 http fetch GET 200 https://registry.npmjs.org/imurmurhash/-/imurmurhash-0.1.4.tgz 387ms (cache miss)
435 http fetch GET 200 https://registry.npmjs.org/has-flag/-/has-flag-4.0.0.tgz 386ms (cache miss)
436 http fetch GET 200 https://registry.npmjs.org/magic-string/-/magic-string-0.30.21.tgz 393ms (cache miss)
437 http fetch GET 200 https://registry.npmjs.org/isexe/-/isexe-2.0.0.tgz 393ms (cache miss)
438 http fetch GET 200 https://registry.npmjs.org/graceful-fs/-/graceful-fs-4.2.11.tgz 393ms (cache miss)
439 http fetch GET 200 https://registry.npmjs.org/ignore/-/ignore-5.3.2.tgz 395ms (cache miss)
440 http fetch GET 200 https://registry.npmjs.org/glob-parent/-/glob-parent-6.0.2.tgz 397ms (cache miss)
441 http fetch GET 200 https://registry.npmjs.org/is-extglob/-/is-extglob-2.1.1.tgz 400ms (cache miss)
442 http fetch GET 200 https://registry.npmjs.org/globals/-/globals-16.5.0.tgz 400ms (cache miss)
443 http fetch GET 200 https://registry.npmjs.org/gensync/-/gensync-1.0.0-beta.2.tgz 407ms (cache miss)
444 http fetch GET 200 https://registry.npmjs.org/is-glob/-/is-glob-4.0.3.tgz 415ms (cache miss)
445 http fetch GET 200 https://registry.npmjs.org/flatted/-/flatted-3.3.3.tgz 425ms (cache miss)
446 http fetch GET 200 https://registry.npmjs.org/find-up/-/find-up-5.0.0.tgz 430ms (cache miss)
447 http fetch GET 200 https://registry.npmjs.org/esutils/-/esutils-2.0.3.tgz 439ms (cache miss)
448 http fetch GET 200 https://registry.npmjs.org/fdir/-/fdir-6.5.0.tgz 440ms (cache miss)
449 http fetch GET 200 https://registry.npmjs.org/esrecurse/-/esrecurse-4.3.0.tgz 445ms (cache miss)
450 http fetch GET 200 https://registry.npmjs.org/fast-levenshtein/-/fast-levenshtein-2.0.6.tgz 446ms (cache miss)
451 http fetch GET 200 https://registry.npmjs.org/file-entry-cache/-/file-entry-cache-8.0.0.tgz 449ms (cache miss)
452 http fetch GET 200 https://registry.npmjs.org/estraverse/-/estraverse-5.3.0.tgz 455ms (cache miss)
453 http fetch GET 200 https://registry.npmjs.org/eslint-plugin-react-refresh/-/eslint-plugin-react-refresh-0.4.26.tgz 460ms (cache miss)
454 http fetch GET 200 https://registry.npmjs.org/hermes-estree/-/hermes-estree-0.25.1.tgz 469ms (cache miss)
455 http fetch GET 200 https://registry.npmjs.org/escape-string-regexp/-/escape-string-regexp-4.0.0.tgz 466ms (cache miss)
456 http fetch GET 200 https://registry.npmjs.org/fast-deep-equal/-/fast-deep-equal-3.1.3.tgz 469ms (cache miss)
457 http fetch GET 200 https://registry.npmjs.org/json5/-/json5-2.2.3.tgz 476ms (cache miss)
458 http fetch GET 200 https://registry.npmjs.org/deep-is/-/deep-is-0.1.4.tgz 473ms (cache miss)
459 http fetch GET 200 https://registry.npmjs.org/tailwindcss/-/tailwindcss-4.1.18.tgz 490ms (cache miss)
460 http fetch GET 200 https://registry.npmjs.org/escalade/-/escalade-3.2.0.tgz 476ms (cache miss)
461 http fetch GET 200 https://registry.npmjs.org/lightningcss/-/lightningcss-1.30.2.tgz 491ms (cache miss)
462 http fetch GET 200 https://registry.npmjs.org/esbuild/-/esbuild-0.27.3.tgz 488ms (cache miss)
463 http fetch GET 200 https://registry.npmjs.org/espree/-/espree-10.4.0.tgz 489ms (cache miss)
464 http fetch GET 200 https://registry.npmjs.org/electron-to-chromium/-/electron-to-chromium-1.5.286.tgz 490ms (cache miss)
465 http fetch GET 200 https://registry.npmjs.org/fast-json-stable-stringify/-/fast-json-stable-stringify-2.1.0.tgz 493ms (cache miss)
466 http fetch GET 200 https://registry.npmjs.org/eslint-scope/-/eslint-scope-8.4.0.tgz 498ms (cache miss)
467 http fetch GET 200 https://registry.npmjs.org/detect-libc/-/detect-libc-2.1.2.tgz 506ms (cache miss)
468 http fetch GET 200 https://registry.npmjs.org/cookie/-/cookie-1.1.1.tgz 507ms (cache miss)
469 http fetch GET 200 https://registry.npmjs.org/debug/-/debug-4.4.3.tgz 510ms (cache miss)
470 http fetch GET 200 https://registry.npmjs.org/concat-map/-/concat-map-0.0.1.tgz 510ms (cache miss)
471 http fetch GET 200 https://registry.npmjs.org/eslint-visitor-keys/-/eslint-visitor-keys-4.2.1.tgz 511ms (cache miss)
472 http fetch GET 200 https://registry.npmjs.org/cross-spawn/-/cross-spawn-7.0.6.tgz 517ms (cache miss)
473 http fetch GET 200 https://registry.npmjs.org/callsites/-/callsites-3.1.0.tgz 519ms (cache miss)
474 http fetch GET 200 https://registry.npmjs.org/color-convert/-/color-convert-2.0.1.tgz 522ms (cache miss)
475 http fetch GET 200 https://registry.npmjs.org/convert-source-map/-/convert-source-map-2.0.0.tgz 525ms (cache miss)
476 http fetch GET 200 https://registry.npmjs.org/postcss/-/postcss-8.5.6.tgz 536ms (cache miss)
477 http fetch GET 200 https://registry.npmjs.org/browserslist/-/browserslist-4.28.1.tgz 529ms (cache miss)
478 http fetch GET 200 https://registry.npmjs.org/color-name/-/color-name-1.1.4.tgz 536ms (cache miss)
479 http fetch GET 200 https://registry.npmjs.org/balanced-match/-/balanced-match-1.0.2.tgz 539ms (cache miss)
480 http fetch GET 200 https://registry.npmjs.org/uuid/-/uuid-13.0.0.tgz 575ms (cache miss)
481 http fetch GET 200 https://registry.npmjs.org/fsevents/-/fsevents-2.3.3.tgz 561ms (cache miss)
482 http fetch GET 200 https://registry.npmjs.org/flat-cache/-/flat-cache-4.0.1.tgz 572ms (cache miss)
483 http fetch GET 200 https://registry.npmjs.org/acorn-jsx/-/acorn-jsx-5.3.2.tgz 566ms (cache miss)
484 http fetch GET 200 https://registry.npmjs.org/ansi-styles/-/ansi-styles-4.3.0.tgz 571ms (cache miss)
485 http fetch GET 200 https://registry.npmjs.org/@types/json-schema/-/json-schema-7.0.15.tgz 584ms (cache miss)
486 http fetch GET 200 https://registry.npmjs.org/brace-expansion/-/brace-expansion-1.1.12.tgz 588ms (cache miss)
487 http fetch GET 200 https://registry.npmjs.org/baseline-browser-mapping/-/baseline-browser-mapping-2.9.19.tgz 597ms (cache miss)
488 http fetch GET 200 https://registry.npmjs.org/@types/react-dom/-/react-dom-19.2.3.tgz 610ms (cache miss)
489 http fetch GET 200 https://registry.npmjs.org/@types/babel__template/-/babel__template-7.4.4.tgz 614ms (cache miss)
490 http fetch GET 200 https://registry.npmjs.org/@types/babel__generator/-/babel__generator-7.27.0.tgz 621ms (cache miss)
491 http fetch GET 200 https://registry.npmjs.org/argparse/-/argparse-2.0.1.tgz 631ms (cache miss)
492 http fetch GET 200 https://registry.npmjs.org/@types/babel__core/-/babel__core-7.20.5.tgz 631ms (cache miss)
493 http fetch GET 200 https://registry.npmjs.org/csstype/-/csstype-3.2.3.tgz 652ms (cache miss)
494 http fetch GET 200 https://registry.npmjs.org/@tailwindcss/oxide/-/oxide-4.1.18.tgz 649ms (cache miss)
495 http fetch GET 200 https://registry.npmjs.org/@types/babel__traverse/-/babel__traverse-7.28.0.tgz 651ms (cache miss)
496 http fetch GET 200 https://registry.npmjs.org/@types/estree/-/estree-1.0.8.tgz 653ms (cache miss)
497 http fetch GET 200 https://registry.npmjs.org/esquery/-/esquery-1.7.0.tgz 665ms (cache miss)
498 http fetch GET 200 https://registry.npmjs.org/@humanwhocodes/retry/-/retry-0.4.3.tgz 668ms (cache miss)
499 http fetch GET 200 https://registry.npmjs.org/js-yaml/-/js-yaml-4.1.1.tgz 679ms (cache miss)
500 http fetch GET 200 https://registry.npmjs.org/acorn/-/acorn-8.15.0.tgz 675ms (cache miss)
501 http fetch GET 200 https://registry.npmjs.org/@jridgewell/resolve-uri/-/resolve-uri-3.1.2.tgz 674ms (cache miss)
502 http fetch GET 200 https://registry.npmjs.org/@humanfs/node/-/node-0.16.7.tgz 677ms (cache miss)
503 http fetch GET 200 https://registry.npmjs.org/@eslint/js/-/js-9.39.2.tgz 680ms (cache miss)
504 http fetch GET 200 https://registry.npmjs.org/@eslint/core/-/core-0.17.0.tgz 681ms (cache miss)
505 http fetch GET 200 https://registry.npmjs.org/@eslint/config-helpers/-/config-helpers-0.4.2.tgz 690ms (cache miss)
506 http fetch GET 200 https://registry.npmjs.org/jiti/-/jiti-2.6.1.tgz 703ms (cache miss)
507 http fetch GET 200 https://registry.npmjs.org/@humanwhocodes/module-importer/-/module-importer-1.0.1.tgz 699ms (cache miss)
508 http fetch GET 200 https://registry.npmjs.org/@tailwindcss/node/-/node-4.1.18.tgz 702ms (cache miss)
509 http fetch GET 200 https://registry.npmjs.org/@humanfs/core/-/core-0.19.1.tgz 702ms (cache miss)
510 http fetch GET 200 https://registry.npmjs.org/@eslint/object-schema/-/object-schema-2.1.7.tgz 730ms (cache miss)
511 http fetch GET 200 https://registry.npmjs.org/@babel/plugin-transform-react-jsx-self/-/plugin-transform-react-jsx-self-7.27.1.tgz 729ms (cache miss)
512 http fetch GET 200 https://registry.npmjs.org/@babel/plugin-transform-react-jsx-source/-/plugin-transform-react-jsx-source-7.27.1.tgz 740ms (cache miss)
513 http fetch GET 200 https://registry.npmjs.org/@eslint/plugin-kit/-/plugin-kit-0.4.1.tgz 744ms (cache miss)
514 http fetch GET 200 https://registry.npmjs.org/@types/react/-/react-19.2.13.tgz 759ms (cache miss)
515 http fetch GET 200 https://registry.npmjs.org/@babel/helper-validator-identifier/-/helper-validator-identifier-7.28.5.tgz 754ms (cache miss)
516 http fetch GET 200 https://registry.npmjs.org/@eslint-community/eslint-utils/-/eslint-utils-4.9.1.tgz 764ms (cache miss)
517 http fetch GET 200 https://registry.npmjs.org/@babel/helper-string-parser/-/helper-string-parser-7.27.1.tgz 763ms (cache miss)
518 http fetch GET 200 https://registry.npmjs.org/@babel/helper-plugin-utils/-/helper-plugin-utils-7.28.6.tgz 765ms (cache miss)
519 http fetch GET 200 https://registry.npmjs.org/@eslint-community/regexpp/-/regexpp-4.12.2.tgz 774ms (cache miss)
520 http fetch GET 200 https://registry.npmjs.org/uri-js/-/uri-js-4.4.1.tgz 800ms (cache miss)
521 http fetch GET 200 https://registry.npmjs.org/rollup/-/rollup-4.57.1.tgz 802ms (cache miss)
522 http fetch GET 200 https://registry.npmjs.org/@babel/template/-/template-7.28.6.tgz 782ms (cache miss)
523 http fetch GET 200 https://registry.npmjs.org/@jridgewell/sourcemap-codec/-/sourcemap-codec-1.5.5.tgz 791ms (cache miss)
524 http fetch GET 200 https://registry.npmjs.org/@babel/helper-globals/-/helper-globals-7.28.0.tgz 790ms (cache miss)
525 http fetch GET 200 https://registry.npmjs.org/@babel/helper-validator-option/-/helper-validator-option-7.27.1.tgz 793ms (cache miss)
526 http fetch GET 200 https://registry.npmjs.org/@jridgewell/gen-mapping/-/gen-mapping-0.3.13.tgz 805ms (cache miss)
527 http fetch GET 200 https://registry.npmjs.org/@jridgewell/remapping/-/remapping-2.3.5.tgz 806ms (cache miss)
528 http fetch GET 200 https://registry.npmjs.org/enhanced-resolve/-/enhanced-resolve-5.19.0.tgz 819ms (cache miss)
529 http fetch GET 200 https://registry.npmjs.org/@babel/helper-module-imports/-/helper-module-imports-7.28.6.tgz 812ms (cache miss)
530 http fetch GET 200 https://registry.npmjs.org/@babel/helper-module-transforms/-/helper-module-transforms-7.28.6.tgz 844ms (cache miss)
531 http fetch GET 200 https://registry.npmjs.org/chalk/-/chalk-4.1.2.tgz 843ms (cache miss)
532 http fetch GET 200 https://registry.npmjs.org/globals/-/globals-14.0.0.tgz 844ms (cache miss)
533 http fetch GET 200 https://registry.npmjs.org/@babel/code-frame/-/code-frame-7.29.0.tgz 848ms (cache miss)
534 http fetch GET 200 https://registry.npmjs.org/eslint-visitor-keys/-/eslint-visitor-keys-3.4.3.tgz 847ms (cache miss)
535 http fetch GET 200 https://registry.npmjs.org/vite/-/vite-7.3.1.tgz 882ms (cache miss)
536 http fetch GET 200 https://registry.npmjs.org/@babel/helper-compilation-targets/-/helper-compilation-targets-7.28.6.tgz 855ms (cache miss)
537 http fetch GET 200 https://registry.npmjs.org/@babel/compat-data/-/compat-data-7.29.0.tgz 856ms (cache miss)
538 http fetch GET 200 https://registry.npmjs.org/@vitejs/plugin-react/-/plugin-react-5.1.3.tgz 868ms (cache miss)
539 http fetch GET 200 https://registry.npmjs.org/hermes-parser/-/hermes-parser-0.25.1.tgz 881ms (cache miss)
540 http fetch GET 200 https://registry.npmjs.org/minimatch 514ms (cache miss)
541 silly packumentCache corgi:https://registry.npmjs.org/minimatch set size:undefined disposed:false
542 http fetch GET 200 https://registry.npmjs.org/ajv 531ms (cache miss)
543 silly packumentCache corgi:https://registry.npmjs.org/ajv set size:undefined disposed:false
544 http fetch GET 200 https://registry.npmjs.org/@tailwindcss/vite/-/vite-4.1.18.tgz 915ms (cache miss)
545 http fetch GET 200 https://registry.npmjs.org/@jridgewell/trace-mapping/-/trace-mapping-0.3.31.tgz 914ms (cache miss)
546 http fetch GET 200 https://registry.npmjs.org/@eslint/eslintrc/-/eslintrc-3.3.3.tgz 928ms (cache miss)
547 http fetch GET 200 https://registry.npmjs.org/motion-utils/-/motion-utils-12.29.2.tgz 971ms (cache miss)
548 http fetch GET 200 https://registry.npmjs.org/@babel/parser/-/parser-7.29.0.tgz 954ms (cache miss)
549 http fetch GET 200 https://registry.npmjs.org/eslint-plugin-react-hooks/-/eslint-plugin-react-hooks-7.0.1.tgz 983ms (cache miss)
550 http fetch GET 200 https://registry.npmjs.org/@rollup/rollup-darwin-arm64/-/rollup-darwin-arm64-4.57.1.tgz 1020ms (cache miss)
551 http fetch GET 200 https://registry.npmjs.org/rollup 666ms (cache miss)
552 silly packumentCache corgi:https://registry.npmjs.org/rollup set size:undefined disposed:false
553 http fetch GET 200 https://registry.npmjs.org/@babel/generator/-/generator-7.29.1.tgz 1053ms (cache miss)
554 silly packumentCache corgi:https://registry.npmjs.org/@eslint%2feslintrc cache-miss
555 silly packumentCache corgi:https://registry.npmjs.org/eslint cache-miss
556 http fetch GET 200 https://registry.npmjs.org/@tailwindcss/oxide-darwin-arm64/-/oxide-darwin-arm64-4.1.18.tgz 1091ms (cache miss)
557 http fetch GET 200 https://registry.npmjs.org/react-dom/-/react-dom-19.2.4.tgz 1123ms (cache miss)
558 http fetch GET 200 https://registry.npmjs.org/@eslint%2feslintrc 79ms (cache miss)
559 silly packumentCache corgi:https://registry.npmjs.org/@eslint%2feslintrc set size:undefined disposed:false
560 http fetch GET 200 https://registry.npmjs.org/@babel/traverse/-/traverse-7.29.0.tgz 1167ms (cache miss)
561 http fetch GET 200 https://registry.npmjs.org/ajv/-/ajv-6.12.6.tgz 1182ms (cache miss)
562 http fetch GET 200 https://registry.npmjs.org/lightningcss-darwin-arm64/-/lightningcss-darwin-arm64-1.30.2.tgz 1199ms (cache miss)
563 http fetch GET 200 https://registry.npmjs.org/eslint 131ms (cache miss)
564 silly packumentCache corgi:https://registry.npmjs.org/eslint set size:undefined disposed:false
565 http fetch GET 200 https://registry.npmjs.org/react-router/-/react-router-7.13.0.tgz 1226ms (cache miss)
566 silly packumentCache corgi:https://registry.npmjs.org/@eslint%2fconfig-array cache-miss
567 http fetch GET 200 https://registry.npmjs.org/@eslint%2fconfig-array 73ms (cache miss)
568 silly packumentCache corgi:https://registry.npmjs.org/@eslint%2fconfig-array set size:undefined disposed:false
569 silly packumentCache corgi:https://registry.npmjs.org/vite cache-miss
570 http fetch GET 200 https://registry.npmjs.org/@babel/core/-/core-7.29.0.tgz 1332ms (cache miss)
571 http fetch GET 200 https://registry.npmjs.org/@emailjs/browser/-/browser-4.4.1.tgz 1348ms (cache miss)
572 http fetch GET 200 https://registry.npmjs.org/vite 69ms (cache miss)
573 silly packumentCache corgi:https://registry.npmjs.org/vite set size:undefined disposed:false
574 http fetch GET 200 https://registry.npmjs.org/@rolldown/pluginutils/-/pluginutils-1.0.0-rc.2.tgz 1498ms (cache miss)
575 http fetch GET 200 https://registry.npmjs.org/@babel/types/-/types-7.29.0.tgz 1523ms (cache miss)
576 http fetch GET 200 https://registry.npmjs.org/@babel/helpers/-/helpers-7.28.6.tgz 1573ms (cache miss)
577 http fetch GET 200 https://registry.npmjs.org/@eslint/config-array/-/config-array-0.21.1.tgz 1594ms (cache miss)
578 http fetch GET 200 https://registry.npmjs.org/@fontsource/inter/-/inter-5.2.8.tgz 1628ms (cache miss)
579 http fetch GET 200 https://registry.npmjs.org/eslint/-/eslint-9.39.2.tgz 1754ms (cache miss)
580 http fetch GET 200 https://registry.npmjs.org/@esbuild/darwin-arm64/-/darwin-arm64-0.27.3.tgz 1784ms (cache miss)
581 http fetch GET 200 https://registry.npmjs.org/framer-motion/-/framer-motion-12.33.0.tgz 1833ms (cache miss)
582 http fetch GET 200 https://registry.npmjs.org/motion-dom/-/motion-dom-12.33.0.tgz 1939ms (cache miss)
583 http fetch GET 200 https://registry.npmjs.org/zod/-/zod-4.3.6.tgz 1972ms (cache miss)
584 http fetch GET 200 https://registry.npmjs.org/caniuse-lite/-/caniuse-lite-1.0.30001768.tgz 1954ms (cache miss)
585 http fetch GET 200 https://registry.npmjs.org/lucide-react/-/lucide-react-0.563.0.tgz 2733ms (cache miss)
586 info run esbuild@0.27.3 postinstall node_modules/esbuild node install.js
587 info run esbuild@0.27.3 postinstall { code: 0, signal: null }
588 silly ADD node_modules/zod-validation-error
589 silly ADD node_modules/zod
590 silly ADD node_modules/yocto-queue
591 silly ADD node_modules/yallist
592 silly ADD node_modules/word-wrap
593 silly ADD node_modules/which
594 silly ADD node_modules/vite
595 silly ADD node_modules/uuid
596 silly ADD node_modules/uri-js
597 silly ADD node_modules/update-browserslist-db
598 silly ADD node_modules/type-check
599 silly ADD node_modules/tslib
600 silly ADD node_modules/tinyglobby
601 silly ADD node_modules/tapable
602 silly ADD node_modules/tailwindcss
603 silly ADD node_modules/supports-color
604 silly ADD node_modules/strip-json-comments
605 silly ADD node_modules/source-map-js
606 silly ADD node_modules/shebang-regex
607 silly ADD node_modules/shebang-command
608 silly ADD node_modules/set-cookie-parser
609 silly ADD node_modules/semver
610 silly ADD node_modules/scheduler
611 silly ADD node_modules/rollup
612 silly ADD node_modules/resolve-from
613 silly ADD node_modules/react-router-dom
614 silly ADD node_modules/react-router
615 silly ADD node_modules/react-refresh
616 silly ADD node_modules/react-dom
617 silly ADD node_modules/react
618 silly ADD node_modules/punycode
619 silly ADD node_modules/prelude-ls
620 silly ADD node_modules/postcss
621 silly ADD node_modules/picomatch
622 silly ADD node_modules/picocolors
623 silly ADD node_modules/path-key
624 silly ADD node_modules/path-exists
625 silly ADD node_modules/parent-module
626 silly ADD node_modules/p-locate
627 silly ADD node_modules/p-limit
628 silly ADD node_modules/optionator
629 silly ADD node_modules/node-releases
630 silly ADD node_modules/natural-compare
631 silly ADD node_modules/nanoid
632 silly ADD node_modules/ms
633 silly ADD node_modules/motion-utils
634 silly ADD node_modules/motion-dom
635 silly ADD node_modules/minimatch
636 silly ADD node_modules/magic-string
637 silly ADD node_modules/lucide-react
638 silly ADD node_modules/lru-cache
639 silly ADD node_modules/lodash.merge
640 silly ADD node_modules/locate-path
641 silly ADD node_modules/lightningcss-darwin-arm64
642 silly ADD node_modules/lightningcss
643 silly ADD node_modules/levn
644 silly ADD node_modules/keyv
645 silly ADD node_modules/json5
646 silly ADD node_modules/json-stable-stringify-without-jsonify
647 silly ADD node_modules/json-schema-traverse
648 silly ADD node_modules/json-buffer
649 silly ADD node_modules/jsesc
650 silly ADD node_modules/js-yaml
651 silly ADD node_modules/js-tokens
652 silly ADD node_modules/jiti
653 silly ADD node_modules/isexe
654 silly ADD node_modules/is-glob
655 silly ADD node_modules/is-extglob
656 silly ADD node_modules/imurmurhash
657 silly ADD node_modules/import-fresh
658 silly ADD node_modules/ignore
659 silly ADD node_modules/hermes-parser
660 silly ADD node_modules/hermes-estree
661 silly ADD node_modules/has-flag
662 silly ADD node_modules/graceful-fs
663 silly ADD node_modules/globals
664 silly ADD node_modules/glob-parent
665 silly ADD node_modules/gensync
666 silly ADD node_modules/fsevents
667 silly ADD node_modules/framer-motion
668 silly ADD node_modules/flatted
669 silly ADD node_modules/flat-cache
670 silly ADD node_modules/find-up
671 silly ADD node_modules/file-entry-cache
672 silly ADD node_modules/fdir
673 silly ADD node_modules/fast-levenshtein
674 silly ADD node_modules/fast-json-stable-stringify
675 silly ADD node_modules/fast-deep-equal
676 silly ADD node_modules/esutils
677 silly ADD node_modules/estraverse
678 silly ADD node_modules/esrecurse
679 silly ADD node_modules/esquery
680 silly ADD node_modules/espree
681 silly ADD node_modules/eslint-visitor-keys
682 silly ADD node_modules/eslint-scope
683 silly ADD node_modules/eslint-plugin-react-refresh
684 silly ADD node_modules/eslint-plugin-react-hooks
685 silly ADD node_modules/eslint
686 silly ADD node_modules/escape-string-regexp
687 silly ADD node_modules/escalade
688 silly ADD node_modules/esbuild
689 silly ADD node_modules/enhanced-resolve
690 silly ADD node_modules/electron-to-chromium
691 silly ADD node_modules/detect-libc
692 silly ADD node_modules/deep-is
693 silly ADD node_modules/debug
694 silly ADD node_modules/csstype
695 silly ADD node_modules/cross-spawn
696 silly ADD node_modules/cookie
697 silly ADD node_modules/convert-source-map
698 silly ADD node_modules/concat-map
699 silly ADD node_modules/color-name
700 silly ADD node_modules/color-convert
701 silly ADD node_modules/chalk
702 silly ADD node_modules/caniuse-lite
703 silly ADD node_modules/callsites
704 silly ADD node_modules/browserslist
705 silly ADD node_modules/brace-expansion
706 silly ADD node_modules/baseline-browser-mapping
707 silly ADD node_modules/balanced-match
708 silly ADD node_modules/argparse
709 silly ADD node_modules/ansi-styles
710 silly ADD node_modules/ajv
711 silly ADD node_modules/acorn-jsx
712 silly ADD node_modules/acorn
713 silly ADD node_modules/@vitejs/plugin-react
714 silly ADD node_modules/@types/react-dom
715 silly ADD node_modules/@types/react
716 silly ADD node_modules/@types/json-schema
717 silly ADD node_modules/@types/estree
718 silly ADD node_modules/@types/babel__traverse
719 silly ADD node_modules/@types/babel__template
720 silly ADD node_modules/@types/babel__generator
721 silly ADD node_modules/@types/babel__core
722 silly ADD node_modules/@tailwindcss/vite
723 silly ADD node_modules/@tailwindcss/oxide-darwin-arm64
724 silly ADD node_modules/@tailwindcss/oxide
725 silly ADD node_modules/@tailwindcss/node
726 silly ADD node_modules/@rollup/rollup-darwin-arm64
727 silly ADD node_modules/@rolldown/pluginutils
728 silly ADD node_modules/@jridgewell/trace-mapping
729 silly ADD node_modules/@jridgewell/sourcemap-codec
730 silly ADD node_modules/@jridgewell/resolve-uri
731 silly ADD node_modules/@jridgewell/remapping
732 silly ADD node_modules/@jridgewell/gen-mapping
733 silly ADD node_modules/@humanwhocodes/retry
734 silly ADD node_modules/@humanwhocodes/module-importer
735 silly ADD node_modules/@humanfs/node
736 silly ADD node_modules/@humanfs/core
737 silly ADD node_modules/@fontsource/inter
738 silly ADD node_modules/@eslint/plugin-kit
739 silly ADD node_modules/@eslint/object-schema
740 silly ADD node_modules/@eslint/js
741 silly ADD node_modules/@eslint/eslintrc
742 silly ADD node_modules/@eslint/eslintrc/node_modules/globals
743 silly ADD node_modules/@eslint/core
744 silly ADD node_modules/@eslint/config-helpers
745 silly ADD node_modules/@eslint/config-array
746 silly ADD node_modules/@eslint-community/regexpp
747 silly ADD node_modules/@eslint-community/eslint-utils
748 silly ADD node_modules/@eslint-community/eslint-utils/node_modules/eslint-visitor-keys
749 silly ADD node_modules/@esbuild/darwin-arm64
750 silly ADD node_modules/@emailjs/browser
751 silly ADD node_modules/@babel/types
752 silly ADD node_modules/@babel/traverse
753 silly ADD node_modules/@babel/template
754 silly ADD node_modules/@babel/plugin-transform-react-jsx-source
755 silly ADD node_modules/@babel/plugin-transform-react-jsx-self
756 silly ADD node_modules/@babel/parser
757 silly ADD node_modules/@babel/helpers
758 silly ADD node_modules/@babel/helper-validator-option
759 silly ADD node_modules/@babel/helper-validator-identifier
760 silly ADD node_modules/@babel/helper-string-parser
761 silly ADD node_modules/@babel/helper-plugin-utils
762 silly ADD node_modules/@babel/helper-module-transforms
763 silly ADD node_modules/@babel/helper-module-imports
764 silly ADD node_modules/@babel/helper-globals
765 silly ADD node_modules/@babel/helper-compilation-targets
766 silly ADD node_modules/@babel/generator
767 silly ADD node_modules/@babel/core
768 silly ADD node_modules/@babel/compat-data
769 silly ADD node_modules/@babel/code-frame
770 verbose cwd /Users/mac/Desktop/expert-printer-ui-git/expert-printer-ui
771 verbose os Darwin 25.3.0
772 verbose node v24.13.1
773 verbose npm  v11.8.0
774 notice
774 notice New [33mminor[39m version of npm available! [33m11.8.0[39m -> [34m11.11.0[39m
774 notice Changelog: [34mhttps://github.com/npm/cli/releases/tag/v11.11.0[39m
774 notice To update run: [4mnpm install -g npm@11.11.0[24m
774 notice  { force: true, Symbol(proc-log.meta): true }
775 verbose exit 0
776 info ok
